[2018-08-01 08:15:17,374] INFO in live_orders [/home/nitin/.atom/freakybananas/live_orders.py:71] - Start filter
[2018-08-01 08:15:17,375] INFO in live_orders [/home/nitin/.atom/freakybananas/live_orders.py:92] - End filter. {'BHARTIARTL': ('failure', None), 'TATASTEEL': ('failure', None), 'EICHERMOT': ('failure', None), 'BPCL': ('failure', None), 'M&M': ('failure', None), 'POWERGRID': ('failure', None), 'HINDPETRO': ('success', {'prev_close': 284.05, 'open': 283, 'type': 'loser', 'stock': HINDPETRO-359937-NSE}), 'GAIL': ('failure', None), 'HINDUNILVR': ('failure', None), 'KOTAKBANK': ('success', {'prev_close': 1306.85, 'open': 1303.8, 'type': 'loser', 'stock': KOTAKBANK-492033-NSE}), 'SBIN': ('failure', None), 'ADANIPORTS': ('failure', None), 'DRREDDY': ('failure', None), 'TITAN': ('failure', None), 'TCS': ('failure', None), 'ASIANPAINT': ('failure', None), 'RELIANCE': ('failure', None), 'CIPLA': ('success', {'prev_close': 640, 'open': 636.95, 'type': 'loser', 'stock': CIPLA-177665-NSE}), 'AXISBANK': ('failure', None), 'LT': ('success', {'prev_close': 1303, 'open': 1299.95, 'type': 'loser', 'stock': LT-2939649-NSE}), 'COALINDIA': ('failure', None), 'BAJAJ-AUTO': ('failure', None), 'HCLTECH': ('failure', None), 'IOC': ('failure', None), 'INFRATEL': ('failure', None), 'WIPRO': ('failure', None), 'UPL': ('success', {'prev_close': 642, 'open': 644.5, 'type': 'gainer', 'stock': UPL-2889473-NSE}), 'GRASIM': ('failure', None), 'LUPIN': ('success', {'prev_close': 822.8, 'open': 825, 'type': 'gainer', 'stock': LUPIN-2672641-NSE}), 'ONGC': ('failure', None), 'BAJAJFINSV': ('failure', None), 'TECHM': ('failure', None), 'SUNPHARMA': ('failure', None), 'HEROMOTOCO': ('failure', None), 'ZEEL': ('success', {'prev_close': 525.85, 'open': 524.5, 'type': 'loser', 'stock': ZEEL-975873-NSE}), 'HDFCBANK': ('failure', None), 'TATAMOTORS': ('failure', None), 'HINDALCO': ('failure', None), 'ULTRACEMCO': ('failure', None), 'YESBANK': ('failure', None), 'ITC': ('failure', None), 'MARUTI': ('failure', None), 'INDUSINDBK': ('failure', None), 'HDFC': ('failure', None), 'ICICIBANK': ('success', {'prev_close': 303.6, 'open': 304.3, 'type': 'gainer', 'stock': ICICIBANK-1270529-NSE}), 'IBULHSGFIN': ('failure', None), 'INFY': ('failure', None), 'NTPC': ('success', {'prev_close': 155.2, 'open': 155.85, 'type': 'gainer', 'stock': NTPC-2977281-NSE}), 'VEDL': ('failure', None), 'BAJFINANCE': ('failure', None)}
[2018-08-01 08:15:17,376] INFO in live_orders [/home/nitin/.atom/freakybananas/live_orders.py:149] - Trying for the 1st time.
[2018-08-01 08:15:17,377] INFO in live_orders [/home/nitin/.atom/freakybananas/live_orders.py:153] - Failed filter: failure, stock: ('failure', None)
[2018-08-01 08:15:17,377] INFO in live_orders [/home/nitin/.atom/freakybananas/live_orders.py:153] - Failed filter: failure, stock: ('failure', None)
[2018-08-01 08:15:17,377] INFO in live_orders [/home/nitin/.atom/freakybananas/live_orders.py:153] - Failed filter: failure, stock: ('failure', None)
[2018-08-01 08:15:17,378] INFO in live_orders [/home/nitin/.atom/freakybananas/live_orders.py:153] - Failed filter: failure, stock: ('failure', None)
[2018-08-01 08:15:17,378] INFO in live_orders [/home/nitin/.atom/freakybananas/live_orders.py:153] - Failed filter: failure, stock: ('failure', None)
[2018-08-01 08:15:17,379] INFO in live_orders [/home/nitin/.atom/freakybananas/live_orders.py:153] - Failed filter: failure, stock: ('failure', None)
[2018-08-01 08:15:18,023] INFO in zerodha [/home/nitin/.atom/freakybananas/zerodha.py:72] - Getting quote. {u'359937': {u'oi': 0, u'timestamp': datetime.datetime(2018, 8, 1, 8, 12, 47), u'average_price': 0, u'last_price': 284.8, u'oi_day_low': 0, u'ohlc': {u'high': 287, u'close': 284.8, u'open': 283, u'low': 280.35}, u'oi_day_high': 0, u'volume': 0, u'depth': {u'sell': [{u'price': 0, u'orders': 0, u'quantity': 0}, {u'price': 0, u'orders': 0, u'quantity': 0}, {u'price': 0, u'orders': 0, u'quantity': 0}, {u'price': 0, u'orders': 0, u'quantity': 0}, {u'price': 0, u'orders': 0, u'quantity': 0}], u'buy': [{u'price': 0, u'orders': 0, u'quantity': 0}, {u'price': 0, u'orders': 0, u'quantity': 0}, {u'price': 0, u'orders': 0, u'quantity': 0}, {u'price': 0, u'orders': 0, u'quantity': 0}, {u'price': 0, u'orders': 0, u'quantity': 0}]}, u'instrument_token': 359937, u'last_trade_time': datetime.datetime(2018, 8, 1, 8, 12, 47), u'sell_quantity': 0, u'buy_quantity': 0, u'last_quantity': 5, u'net_change': 0}}
[2018-08-01 08:15:18,024] INFO in live_orders [/home/nitin/.atom/freakybananas/live_orders.py:185] - Stock: {'prev_close': 284.05, 'open': 283, 'type': 'loser', 'stock': HINDPETRO-359937-NSE}, Price: 287.0, Target: 1.72, Stop loss: 2.87
[2018-08-01 08:15:18,516] INFO in zerodha [/home/nitin/.atom/freakybananas/zerodha.py:72] - Order Place: 180801000007097
[2018-08-01 08:15:18,517] INFO in live_orders [/home/nitin/.atom/freakybananas/live_orders.py:199] - Order id: 180801000007097, Stock: {'prev_close': 284.05, 'open': 283, 'type': 'loser', 'stock': HINDPETRO-359937-NSE}
[2018-08-01 08:15:18,518] INFO in live_orders [/home/nitin/.atom/freakybananas/live_orders.py:153] - Failed filter: failure, stock: ('failure', None)
[2018-08-01 08:15:18,519] INFO in live_orders [/home/nitin/.atom/freakybananas/live_orders.py:153] - Failed filter: failure, stock: ('failure', None)
[2018-08-01 08:15:18,998] INFO in zerodha [/home/nitin/.atom/freakybananas/zerodha.py:72] - Getting quote. {u'492033': {u'oi': 0, u'timestamp': datetime.datetime(2018, 8, 1, 8, 12, 47), u'average_price': 0, u'last_price': 1306.85, u'oi_day_low': 0, u'ohlc': {u'high': 1313.6, u'close': 1306.85, u'open': 1303.8, u'low': 1287.15}, u'oi_day_high': 0, u'volume': 0, u'depth': {u'sell': [{u'price': 0, u'orders': 0, u'quantity': 0}, {u'price': 0, u'orders': 0, u'quantity': 0}, {u'price': 0, u'orders': 0, u'quantity': 0}, {u'price': 0, u'orders': 0, u'quantity': 0}, {u'price': 0, u'orders': 0, u'quantity': 0}], u'buy': [{u'price': 0, u'orders': 0, u'quantity': 0}, {u'price': 0, u'orders': 0, u'quantity': 0}, {u'price': 0, u'orders': 0, u'quantity': 0}, {u'price': 0, u'orders': 0, u'quantity': 0}, {u'price': 0, u'orders': 0, u'quantity': 0}]}, u'instrument_token': 492033, u'last_trade_time': datetime.datetime(2018, 8, 1, 8, 12, 47), u'sell_quantity': 0, u'buy_quantity': 0, u'last_quantity': 25, u'net_change': 0}}
[2018-08-01 08:31:38,874] INFO in live_orders [/home/nitin/.atom/freakybananas/live_orders.py:32] - init OpenDoor
[2018-08-01 08:31:40,276] INFO in live_orders [/home/nitin/.atom/freakybananas/live_orders.py:62] - Previous day close set: {'BHARTIARTL': 390, 'TATASTEEL': 563.3, 'EICHERMOT': 27799, 'BPCL': 390.5, 'M&M': 934.1, 'POWERGRID': 182.5, 'HINDPETRO': 284.05, 'GAIL': 375.5, 'HINDUNILVR': 1733, 'KOTAKBANK': 1306.85, 'SBIN': 293.7, 'ADANIPORTS': 401, 'DRREDDY': 2130, 'TITAN': 912.35, 'TCS': 1944.1, 'ASIANPAINT': 1449, 'RELIANCE': 1184.15, 'CIPLA': 640, 'AXISBANK': 549.35, 'LT': 1303, 'COALINDIA': 261.7, 'BAJAJ-AUTO': 2705.35, 'HCLTECH': 965, 'IOC': 164.4, 'INFRATEL': 286, 'WIPRO': 277.25, 'UPL': 642, 'GRASIM': 1025, 'LUPIN': 822.8, 'ONGC': 165.9, 'BAJAJFINSV': 6980, 'TECHM': 680, 'SUNPHARMA': 570, 'HEROMOTOCO': 3297, 'ZEEL': 525.85, 'HDFCBANK': 2183.45, 'TATAMOTORS': 263.6, 'HINDALCO': 213.5, 'ULTRACEMCO': 4194, 'YESBANK': 367.25, 'ITC': 297.55, 'MARUTI': 9535, 'INDUSINDBK': 1998.75, 'HDFC': 1989.5, 'ICICIBANK': 303.6, 'IBULHSGFIN': 1295, 'INFY': 1368, 'NTPC': 155.2, 'VEDL': 222.55, 'BAJFINANCE': 2704}
[2018-08-01 08:31:40,276] INFO in live_orders [/home/nitin/.atom/freakybananas/live_orders.py:47] - Setting close price.
[2018-08-01 08:31:41,278] INFO in live_orders [/home/nitin/.atom/freakybananas/live_orders.py:50] - init OpenDoor ended.
[2018-08-01 08:31:41,279] INFO in start [/home/nitin/.atom/freakybananas/start.py:52] - Starting Open Door.
[2018-08-01 08:31:41,280] INFO in live_orders [/home/nitin/.atom/freakybananas/live_orders.py:136] - Starting run.
[2018-08-01 08:31:41,706] INFO in live_orders [/home/nitin/.atom/freakybananas/live_orders.py:142] - Waiting for open price.
[2018-08-01 08:31:43,163] INFO in live_orders [/home/nitin/.atom/freakybananas/live_orders.py:142] - Waiting for open price.
[2018-08-01 08:31:44,605] INFO in live_orders [/home/nitin/.atom/freakybananas/live_orders.py:142] - Waiting for open price.
[2018-08-01 08:31:46,097] INFO in live_orders [/home/nitin/.atom/freakybananas/live_orders.py:142] - Waiting for open price.
[2018-08-01 08:31:47,774] INFO in live_orders [/home/nitin/.atom/freakybananas/live_orders.py:142] - Waiting for open price.
[2018-08-01 08:31:49,173] INFO in live_orders [/home/nitin/.atom/freakybananas/live_orders.py:142] - Waiting for open price.
[2018-08-01 08:31:50,661] INFO in live_orders [/home/nitin/.atom/freakybananas/live_orders.py:142] - Waiting for open price.
[2018-08-01 08:31:52,235] INFO in live_orders [/home/nitin/.atom/freakybananas/live_orders.py:142] - Waiting for open price.
[2018-08-01 08:31:53,637] INFO in live_orders [/home/nitin/.atom/freakybananas/live_orders.py:142] - Waiting for open price.
[2018-08-01 08:31:55,410] INFO in live_orders [/home/nitin/.atom/freakybananas/live_orders.py:142] - Waiting for open price.
[2018-08-01 08:31:56,893] INFO in live_orders [/home/nitin/.atom/freakybananas/live_orders.py:142] - Waiting for open price.
[2018-08-01 08:31:58,559] INFO in live_orders [/home/nitin/.atom/freakybananas/live_orders.py:142] - Waiting for open price.
[2018-08-01 08:32:00,076] INFO in live_orders [/home/nitin/.atom/freakybananas/live_orders.py:142] - Waiting for open price.
[2018-08-01 08:32:01,756] INFO in live_orders [/home/nitin/.atom/freakybananas/live_orders.py:142] - Waiting for open price.
[2018-08-01 08:32:03,388] INFO in live_orders [/home/nitin/.atom/freakybananas/live_orders.py:142] - Waiting for open price.
[2018-08-01 08:32:04,932] INFO in live_orders [/home/nitin/.atom/freakybananas/live_orders.py:142] - Waiting for open price.
[2018-08-01 08:32:06,340] INFO in live_orders [/home/nitin/.atom/freakybananas/live_orders.py:142] - Waiting for open price.
[2018-08-01 08:32:08,038] INFO in live_orders [/home/nitin/.atom/freakybananas/live_orders.py:142] - Waiting for open price.
[2018-08-01 08:32:09,478] INFO in live_orders [/home/nitin/.atom/freakybananas/live_orders.py:142] - Waiting for open price.
[2018-08-01 08:32:10,974] INFO in zerodha [/home/nitin/.atom/freakybananas/zerodha.py:72] - Getting Group quotes
[2018-08-01 08:32:11,174] INFO in live_orders [/home/nitin/.atom/freakybananas/live_orders.py:71] - Start filter
[2018-08-01 08:32:11,174] INFO in live_orders [/home/nitin/.atom/freakybananas/live_orders.py:92] - End filter. {'BHARTIARTL': ('failure', None), 'TATASTEEL': ('failure', None), 'EICHERMOT': ('failure', None), 'BPCL': ('failure', None), 'M&M': ('failure', None), 'POWERGRID': ('failure', None), 'HINDPETRO': ('success', {'prev_close': 284.05, 'open': 283, 'type': 'loser', 'stock': HINDPETRO-359937-NSE}), 'GAIL': ('failure', None), 'HINDUNILVR': ('failure', None), 'KOTAKBANK': ('success', {'prev_close': 1306.85, 'open': 1303.8, 'type': 'loser', 'stock': KOTAKBANK-492033-NSE}), 'SBIN': ('failure', None), 'ADANIPORTS': ('failure', None), 'DRREDDY': ('failure', None), 'TITAN': ('failure', None), 'TCS': ('failure', None), 'ASIANPAINT': ('failure', None), 'RELIANCE': ('failure', None), 'CIPLA': ('success', {'prev_close': 640, 'open': 636.95, 'type': 'loser', 'stock': CIPLA-177665-NSE}), 'AXISBANK': ('failure', None), 'LT': ('success', {'prev_close': 1303, 'open': 1299.95, 'type': 'loser', 'stock': LT-2939649-NSE}), 'COALINDIA': ('failure', None), 'BAJAJ-AUTO': ('failure', None), 'HCLTECH': ('failure', None), 'IOC': ('failure', None), 'INFRATEL': ('failure', None), 'WIPRO': ('failure', None), 'UPL': ('success', {'prev_close': 642, 'open': 644.5, 'type': 'gainer', 'stock': UPL-2889473-NSE}), 'GRASIM': ('failure', None), 'LUPIN': ('success', {'prev_close': 822.8, 'open': 825, 'type': 'gainer', 'stock': LUPIN-2672641-NSE}), 'ONGC': ('failure', None), 'BAJAJFINSV': ('failure', None), 'TECHM': ('failure', None), 'SUNPHARMA': ('failure', None), 'HEROMOTOCO': ('failure', None), 'ZEEL': ('success', {'prev_close': 525.85, 'open': 524.5, 'type': 'loser', 'stock': ZEEL-975873-NSE}), 'HDFCBANK': ('failure', None), 'TATAMOTORS': ('failure', None), 'HINDALCO': ('failure', None), 'ULTRACEMCO': ('failure', None), 'YESBANK': ('failure', None), 'ITC': ('failure', None), 'MARUTI': ('failure', None), 'INDUSINDBK': ('failure', None), 'HDFC': ('failure', None), 'ICICIBANK': ('success', {'prev_close': 303.6, 'open': 304.3, 'type': 'gainer', 'stock': ICICIBANK-1270529-NSE}), 'IBULHSGFIN': ('failure', None), 'INFY': ('failure', None), 'NTPC': ('success', {'prev_close': 155.2, 'open': 155.85, 'type': 'gainer', 'stock': NTPC-2977281-NSE}), 'VEDL': ('failure', None), 'BAJFINANCE': ('failure', None)}
[2018-08-01 08:32:11,175] INFO in live_orders [/home/nitin/.atom/freakybananas/live_orders.py:147] - Just waiting!
[2018-08-01 08:32:12,176] INFO in live_orders [/home/nitin/.atom/freakybananas/live_orders.py:147] - Just waiting!
[2018-08-01 08:32:13,178] INFO in live_orders [/home/nitin/.atom/freakybananas/live_orders.py:147] - Just waiting!
[2018-08-01 08:32:14,180] INFO in live_orders [/home/nitin/.atom/freakybananas/live_orders.py:147] - Just waiting!
[2018-08-01 08:32:15,183] INFO in live_orders [/home/nitin/.atom/freakybananas/live_orders.py:147] - Just waiting!
[2018-08-01 08:32:16,185] INFO in live_orders [/home/nitin/.atom/freakybananas/live_orders.py:147] - Just waiting!
[2018-08-01 08:32:17,186] INFO in live_orders [/home/nitin/.atom/freakybananas/live_orders.py:147] - Just waiting!
[2018-08-01 08:32:18,189] INFO in live_orders [/home/nitin/.atom/freakybananas/live_orders.py:147] - Just waiting!
[2018-08-01 08:32:19,191] INFO in live_orders [/home/nitin/.atom/freakybananas/live_orders.py:147] - Just waiting!
[2018-08-01 08:32:20,193] INFO in live_orders [/home/nitin/.atom/freakybananas/live_orders.py:147] - Just waiting!
[2018-08-01 08:32:21,194] INFO in live_orders [/home/nitin/.atom/freakybananas/live_orders.py:147] - Just waiting!
[2018-08-01 08:32:22,197] INFO in live_orders [/home/nitin/.atom/freakybananas/live_orders.py:147] - Just waiting!
[2018-08-01 08:32:23,199] INFO in live_orders [/home/nitin/.atom/freakybananas/live_orders.py:147] - Just waiting!
[2018-08-01 08:32:24,201] INFO in live_orders [/home/nitin/.atom/freakybananas/live_orders.py:147] - Just waiting!
[2018-08-01 08:32:25,204] INFO in live_orders [/home/nitin/.atom/freakybananas/live_orders.py:147] - Just waiting!
[2018-08-01 08:32:26,206] INFO in live_orders [/home/nitin/.atom/freakybananas/live_orders.py:147] - Just waiting!
[2018-08-01 08:32:27,208] INFO in live_orders [/home/nitin/.atom/freakybananas/live_orders.py:147] - Just waiting!
[2018-08-01 08:32:28,210] INFO in live_orders [/home/nitin/.atom/freakybananas/live_orders.py:147] - Just waiting!
[2018-08-01 08:32:29,212] INFO in live_orders [/home/nitin/.atom/freakybananas/live_orders.py:147] - Just waiting!
[2018-08-01 08:32:30,214] INFO in live_orders [/home/nitin/.atom/freakybananas/live_orders.py:147] - Just waiting!
[2018-08-01 08:32:31,216] INFO in live_orders [/home/nitin/.atom/freakybananas/live_orders.py:147] - Just waiting!
[2018-08-01 08:32:32,218] INFO in live_orders [/home/nitin/.atom/freakybananas/live_orders.py:147] - Just waiting!
[2018-08-01 08:32:33,220] INFO in live_orders [/home/nitin/.atom/freakybananas/live_orders.py:147] - Just waiting!
[2018-08-01 08:32:34,222] INFO in live_orders [/home/nitin/.atom/freakybananas/live_orders.py:147] - Just waiting!
[2018-08-01 08:32:35,224] INFO in live_orders [/home/nitin/.atom/freakybananas/live_orders.py:147] - Just waiting!
[2018-08-01 08:32:36,226] INFO in live_orders [/home/nitin/.atom/freakybananas/live_orders.py:147] - Just waiting!
[2018-08-01 08:32:37,228] INFO in live_orders [/home/nitin/.atom/freakybananas/live_orders.py:147] - Just waiting!
[2018-08-01 08:32:38,231] INFO in live_orders [/home/nitin/.atom/freakybananas/live_orders.py:147] - Just waiting!
[2018-08-01 08:32:39,233] INFO in live_orders [/home/nitin/.atom/freakybananas/live_orders.py:147] - Just waiting!
[2018-08-01 08:32:40,235] INFO in live_orders [/home/nitin/.atom/freakybananas/live_orders.py:147] - Just waiting!
[2018-08-01 08:32:41,238] INFO in live_orders [/home/nitin/.atom/freakybananas/live_orders.py:147] - Just waiting!
[2018-08-01 08:32:42,240] INFO in live_orders [/home/nitin/.atom/freakybananas/live_orders.py:147] - Just waiting!
[2018-08-01 08:32:43,242] INFO in live_orders [/home/nitin/.atom/freakybananas/live_orders.py:147] - Just waiting!
[2018-08-01 08:32:44,244] INFO in live_orders [/home/nitin/.atom/freakybananas/live_orders.py:147] - Just waiting!
[2018-08-01 08:32:45,246] INFO in live_orders [/home/nitin/.atom/freakybananas/live_orders.py:147] - Just waiting!
[2018-08-01 08:32:46,249] INFO in live_orders [/home/nitin/.atom/freakybananas/live_orders.py:147] - Just waiting!
[2018-08-01 08:32:47,251] INFO in live_orders [/home/nitin/.atom/freakybananas/live_orders.py:147] - Just waiting!
[2018-08-01 08:32:48,253] INFO in live_orders [/home/nitin/.atom/freakybananas/live_orders.py:147] - Just waiting!
[2018-08-01 08:32:49,255] INFO in live_orders [/home/nitin/.atom/freakybananas/live_orders.py:147] - Just waiting!
[2018-08-01 08:32:50,257] INFO in live_orders [/home/nitin/.atom/freakybananas/live_orders.py:147] - Just waiting!
[2018-08-01 08:32:51,258] INFO in live_orders [/home/nitin/.atom/freakybananas/live_orders.py:147] - Just waiting!
[2018-08-01 08:32:52,260] INFO in live_orders [/home/nitin/.atom/freakybananas/live_orders.py:147] - Just waiting!
[2018-08-01 08:32:53,263] INFO in live_orders [/home/nitin/.atom/freakybananas/live_orders.py:147] - Just waiting!
[2018-08-01 08:32:54,264] INFO in live_orders [/home/nitin/.atom/freakybananas/live_orders.py:147] - Just waiting!
[2018-08-01 08:32:55,265] INFO in live_orders [/home/nitin/.atom/freakybananas/live_orders.py:147] - Just waiting!
[2018-08-01 08:32:56,266] INFO in live_orders [/home/nitin/.atom/freakybananas/live_orders.py:147] - Just waiting!
[2018-08-01 08:32:57,268] INFO in live_orders [/home/nitin/.atom/freakybananas/live_orders.py:147] - Just waiting!
[2018-08-01 08:32:58,270] INFO in live_orders [/home/nitin/.atom/freakybananas/live_orders.py:147] - Just waiting!
[2018-08-01 08:32:59,272] INFO in live_orders [/home/nitin/.atom/freakybananas/live_orders.py:147] - Just waiting!
[2018-08-01 08:33:00,274] INFO in live_orders [/home/nitin/.atom/freakybananas/live_orders.py:149] - Trying for the 1st time.
[2018-08-01 08:33:00,275] INFO in live_orders [/home/nitin/.atom/freakybananas/live_orders.py:152] - Failed filter: failure, stock: ('failure', None)
[2018-08-01 08:33:00,276] INFO in live_orders [/home/nitin/.atom/freakybananas/live_orders.py:152] - Failed filter: failure, stock: ('failure', None)
[2018-08-01 08:33:00,276] INFO in live_orders [/home/nitin/.atom/freakybananas/live_orders.py:152] - Failed filter: failure, stock: ('failure', None)
[2018-08-01 08:33:00,277] INFO in live_orders [/home/nitin/.atom/freakybananas/live_orders.py:152] - Failed filter: failure, stock: ('failure', None)
[2018-08-01 08:33:00,278] INFO in live_orders [/home/nitin/.atom/freakybananas/live_orders.py:152] - Failed filter: failure, stock: ('failure', None)
[2018-08-01 08:33:00,279] INFO in live_orders [/home/nitin/.atom/freakybananas/live_orders.py:152] - Failed filter: failure, stock: ('failure', None)
[2018-08-01 08:33:00,281] INFO in live_orders [/home/nitin/.atom/freakybananas/live_orders.py:157] - Order already in redis, key: stock_orders_359937
[2018-08-01 08:33:00,282] INFO in live_orders [/home/nitin/.atom/freakybananas/live_orders.py:152] - Failed filter: failure, stock: ('failure', None)
[2018-08-01 08:33:00,283] INFO in live_orders [/home/nitin/.atom/freakybananas/live_orders.py:152] - Failed filter: failure, stock: ('failure', None)
[2018-08-01 08:33:00,754] INFO in zerodha [/home/nitin/.atom/freakybananas/zerodha.py:72] - Getting quote. {u'492033': {u'oi': 0, u'timestamp': datetime.datetime(2018, 8, 1, 8, 30, 47), u'average_price': 0, u'last_price': 1306.85, u'oi_day_low': 0, u'ohlc': {u'high': 1313.6, u'close': 1306.85, u'open': 1303.8, u'low': 1287.15}, u'oi_day_high': 0, u'volume': 0, u'depth': {u'sell': [{u'price': 0, u'orders': 0, u'quantity': 0}, {u'price': 0, u'orders': 0, u'quantity': 0}, {u'price': 0, u'orders': 0, u'quantity': 0}, {u'price': 0, u'orders': 0, u'quantity': 0}, {u'price': 0, u'orders': 0, u'quantity': 0}], u'buy': [{u'price': 0, u'orders': 0, u'quantity': 0}, {u'price': 0, u'orders': 0, u'quantity': 0}, {u'price': 0, u'orders': 0, u'quantity': 0}, {u'price': 0, u'orders': 0, u'quantity': 0}, {u'price': 0, u'orders': 0, u'quantity': 0}]}, u'instrument_token': 492033, u'last_trade_time': datetime.datetime(2018, 8, 1, 8, 30, 47), u'sell_quantity': 0, u'buy_quantity': 0, u'last_quantity': 25, u'net_change': 0}}
[2018-08-01 08:33:00,756] INFO in live_orders [/home/nitin/.atom/freakybananas/live_orders.py:172] - Stock: {'prev_close': 1306.85, 'open': 1303.8, 'type': 'loser', 'stock': KOTAKBANK-492033-NSE}, Price: 0.0, Target: 0.0, Stop loss: 0.0
[2018-08-01 08:33:00,757] ERROR in live_orders [/home/nitin/.atom/freakybananas/live_orders.py:174] - Price coming out to be zero: ('success', {'prev_close': 1306.85, 'open': 1303.8, 'type': 'loser', 'stock': KOTAKBANK-492033-NSE})
[2018-08-01 08:33:00,757] INFO in live_orders [/home/nitin/.atom/freakybananas/live_orders.py:152] - Failed filter: failure, stock: ('failure', None)
[2018-08-01 08:33:00,758] INFO in live_orders [/home/nitin/.atom/freakybananas/live_orders.py:152] - Failed filter: failure, stock: ('failure', None)
[2018-08-01 08:33:00,758] INFO in live_orders [/home/nitin/.atom/freakybananas/live_orders.py:152] - Failed filter: failure, stock: ('failure', None)
[2018-08-01 08:33:00,759] INFO in live_orders [/home/nitin/.atom/freakybananas/live_orders.py:152] - Failed filter: failure, stock: ('failure', None)
[2018-08-01 08:33:00,759] INFO in live_orders [/home/nitin/.atom/freakybananas/live_orders.py:152] - Failed filter: failure, stock: ('failure', None)
[2018-08-01 08:33:00,760] INFO in live_orders [/home/nitin/.atom/freakybananas/live_orders.py:152] - Failed filter: failure, stock: ('failure', None)
[2018-08-01 08:33:00,761] INFO in live_orders [/home/nitin/.atom/freakybananas/live_orders.py:152] - Failed filter: failure, stock: ('failure', None)
[2018-08-01 08:33:02,158] INFO in zerodha [/home/nitin/.atom/freakybananas/zerodha.py:72] - Getting quote. {u'177665': {u'oi': 0, u'timestamp': datetime.datetime(2018, 8, 1, 8, 30, 47), u'average_price': 0, u'last_price': 641.35, u'oi_day_low': 0, u'ohlc': {u'high': 647, u'close': 641.35, u'open': 636.95, u'low': 628.1}, u'oi_day_high': 0, u'volume': 0, u'depth': {u'sell': [{u'price': 0, u'orders': 0, u'quantity': 0}, {u'price': 0, u'orders': 0, u'quantity': 0}, {u'price': 0, u'orders': 0, u'quantity': 0}, {u'price': 0, u'orders': 0, u'quantity': 0}, {u'price': 0, u'orders': 0, u'quantity': 0}], u'buy': [{u'price': 0, u'orders': 0, u'quantity': 0}, {u'price': 0, u'orders': 0, u'quantity': 0}, {u'price': 0, u'orders': 0, u'quantity': 0}, {u'price': 0, u'orders': 0, u'quantity': 0}, {u'price': 0, u'orders': 0, u'quantity': 0}]}, u'instrument_token': 177665, u'last_trade_time': datetime.datetime(2018, 8, 1, 8, 30, 47), u'sell_quantity': 0, u'buy_quantity': 0, u'last_quantity': 100, u'net_change': 0}}
[2018-08-01 08:33:02,158] INFO in live_orders [/home/nitin/.atom/freakybananas/live_orders.py:172] - Stock: {'prev_close': 640, 'open': 636.95, 'type': 'loser', 'stock': CIPLA-177665-NSE}, Price: 0.0, Target: 0.0, Stop loss: 0.0
[2018-08-01 08:33:02,159] ERROR in live_orders [/home/nitin/.atom/freakybananas/live_orders.py:174] - Price coming out to be zero: ('success', {'prev_close': 640, 'open': 636.95, 'type': 'loser', 'stock': CIPLA-177665-NSE})
[2018-08-01 08:33:02,159] INFO in live_orders [/home/nitin/.atom/freakybananas/live_orders.py:152] - Failed filter: failure, stock: ('failure', None)
[2018-08-01 08:33:03,478] INFO in zerodha [/home/nitin/.atom/freakybananas/zerodha.py:72] - Getting quote. {u'2939649': {u'oi': 0, u'timestamp': datetime.datetime(2018, 8, 1, 8, 30, 47), u'average_price': 0, u'last_price': 1302.3, u'oi_day_low': 0, u'ohlc': {u'high': 1310.45, u'close': 1302.3, u'open': 1299.95, u'low': 1285}, u'oi_day_high': 0, u'volume': 0, u'depth': {u'sell': [{u'price': 0, u'orders': 0, u'quantity': 0}, {u'price': 0, u'orders': 0, u'quantity': 0}, {u'price': 0, u'orders': 0, u'quantity': 0}, {u'price': 0, u'orders': 0, u'quantity': 0}, {u'price': 0, u'orders': 0, u'quantity': 0}], u'buy': [{u'price': 0, u'orders': 0, u'quantity': 0}, {u'price': 0, u'orders': 0, u'quantity': 0}, {u'price': 0, u'orders': 0, u'quantity': 0}, {u'price': 0, u'orders': 0, u'quantity': 0}, {u'price': 0, u'orders': 0, u'quantity': 0}]}, u'instrument_token': 2939649, u'last_trade_time': datetime.datetime(2018, 8, 1, 8, 30, 47), u'sell_quantity': 0, u'buy_quantity': 0, u'last_quantity': 10, u'net_change': 0}}
[2018-08-01 08:33:03,479] INFO in live_orders [/home/nitin/.atom/freakybananas/live_orders.py:172] - Stock: {'prev_close': 1303, 'open': 1299.95, 'type': 'loser', 'stock': LT-2939649-NSE}, Price: 0.0, Target: 0.0, Stop loss: 0.0
[2018-08-01 08:33:03,479] ERROR in live_orders [/home/nitin/.atom/freakybananas/live_orders.py:174] - Price coming out to be zero: ('success', {'prev_close': 1303, 'open': 1299.95, 'type': 'loser', 'stock': LT-2939649-NSE})
[2018-08-01 08:33:03,479] INFO in live_orders [/home/nitin/.atom/freakybananas/live_orders.py:152] - Failed filter: failure, stock: ('failure', None)
[2018-08-01 08:33:03,479] INFO in live_orders [/home/nitin/.atom/freakybananas/live_orders.py:152] - Failed filter: failure, stock: ('failure', None)
[2018-08-01 08:33:03,479] INFO in live_orders [/home/nitin/.atom/freakybananas/live_orders.py:152] - Failed filter: failure, stock: ('failure', None)
[2018-08-01 08:33:03,479] INFO in live_orders [/home/nitin/.atom/freakybananas/live_orders.py:152] - Failed filter: failure, stock: ('failure', None)
[2018-08-01 08:33:03,479] INFO in live_orders [/home/nitin/.atom/freakybananas/live_orders.py:152] - Failed filter: failure, stock: ('failure', None)
[2018-08-01 08:33:03,479] INFO in live_orders [/home/nitin/.atom/freakybananas/live_orders.py:152] - Failed filter: failure, stock: ('failure', None)
[2018-08-01 08:33:04,794] INFO in zerodha [/home/nitin/.atom/freakybananas/zerodha.py:72] - Getting quote. {u'2889473': {u'oi': 0, u'timestamp': datetime.datetime(2018, 8, 1, 8, 30, 47), u'average_price': 0, u'last_price': 644.05, u'oi_day_low': 0, u'ohlc': {u'high': 655.85, u'close': 644.05, u'open': 644.5, u'low': 631.25}, u'oi_day_high': 0, u'volume': 0, u'depth': {u'sell': [{u'price': 0, u'orders': 0, u'quantity': 0}, {u'price': 0, u'orders': 0, u'quantity': 0}, {u'price': 0, u'orders': 0, u'quantity': 0}, {u'price': 0, u'orders': 0, u'quantity': 0}, {u'price': 0, u'orders': 0, u'quantity': 0}], u'buy': [{u'price': 0, u'orders': 0, u'quantity': 0}, {u'price': 0, u'orders': 0, u'quantity': 0}, {u'price': 0, u'orders': 0, u'quantity': 0}, {u'price': 0, u'orders': 0, u'quantity': 0}, {u'price': 0, u'orders': 0, u'quantity': 0}]}, u'instrument_token': 2889473, u'last_trade_time': datetime.datetime(2018, 8, 1, 8, 30, 47), u'sell_quantity': 0, u'buy_quantity': 0, u'last_quantity': 1, u'net_change': 0}}
[2018-08-01 08:33:04,794] INFO in live_orders [/home/nitin/.atom/freakybananas/live_orders.py:172] - Stock: {'prev_close': 642, 'open': 644.5, 'type': 'gainer', 'stock': UPL-2889473-NSE}, Price: 0.0, Target: 0.0, Stop loss: 0.0
[2018-08-01 08:33:04,795] ERROR in live_orders [/home/nitin/.atom/freakybananas/live_orders.py:174] - Price coming out to be zero: ('success', {'prev_close': 642, 'open': 644.5, 'type': 'gainer', 'stock': UPL-2889473-NSE})
[2018-08-01 08:33:04,795] INFO in live_orders [/home/nitin/.atom/freakybananas/live_orders.py:152] - Failed filter: failure, stock: ('failure', None)
[2018-08-01 08:33:05,440] INFO in zerodha [/home/nitin/.atom/freakybananas/zerodha.py:72] - Getting quote. {u'2672641': {u'oi': 0, u'timestamp': datetime.datetime(2018, 8, 1, 8, 30, 47), u'average_price': 0, u'last_price': 824.4, u'oi_day_low': 0, u'ohlc': {u'high': 830, u'close': 824.4, u'open': 825, u'low': 815}, u'oi_day_high': 0, u'volume': 0, u'depth': {u'sell': [{u'price': 0, u'orders': 0, u'quantity': 0}, {u'price': 0, u'orders': 0, u'quantity': 0}, {u'price': 0, u'orders': 0, u'quantity': 0}, {u'price': 0, u'orders': 0, u'quantity': 0}, {u'price': 0, u'orders': 0, u'quantity': 0}], u'buy': [{u'price': 0, u'orders': 0, u'quantity': 0}, {u'price': 0, u'orders': 0, u'quantity': 0}, {u'price': 0, u'orders': 0, u'quantity': 0}, {u'price': 0, u'orders': 0, u'quantity': 0}, {u'price': 0, u'orders': 0, u'quantity': 0}]}, u'instrument_token': 2672641, u'last_trade_time': datetime.datetime(2018, 8, 1, 8, 30, 47), u'sell_quantity': 0, u'buy_quantity': 0, u'last_quantity': 10, u'net_change': 0}}
[2018-08-01 08:33:05,441] INFO in live_orders [/home/nitin/.atom/freakybananas/live_orders.py:172] - Stock: {'prev_close': 822.8, 'open': 825, 'type': 'gainer', 'stock': LUPIN-2672641-NSE}, Price: 0.0, Target: 0.0, Stop loss: 0.0
[2018-08-01 08:33:05,442] ERROR in live_orders [/home/nitin/.atom/freakybananas/live_orders.py:174] - Price coming out to be zero: ('success', {'prev_close': 822.8, 'open': 825, 'type': 'gainer', 'stock': LUPIN-2672641-NSE})
[2018-08-01 08:33:05,442] INFO in live_orders [/home/nitin/.atom/freakybananas/live_orders.py:152] - Failed filter: failure, stock: ('failure', None)
[2018-08-01 08:33:05,443] INFO in live_orders [/home/nitin/.atom/freakybananas/live_orders.py:152] - Failed filter: failure, stock: ('failure', None)
[2018-08-01 08:33:05,443] INFO in live_orders [/home/nitin/.atom/freakybananas/live_orders.py:152] - Failed filter: failure, stock: ('failure', None)
[2018-08-01 08:33:05,444] INFO in live_orders [/home/nitin/.atom/freakybananas/live_orders.py:152] - Failed filter: failure, stock: ('failure', None)
[2018-08-01 08:33:05,444] INFO in live_orders [/home/nitin/.atom/freakybananas/live_orders.py:152] - Failed filter: failure, stock: ('failure', None)
[2018-08-01 08:33:06,082] INFO in zerodha [/home/nitin/.atom/freakybananas/zerodha.py:72] - Getting quote. {u'975873': {u'oi': 0, u'timestamp': datetime.datetime(2018, 8, 1, 8, 30, 47), u'average_price': 0, u'last_price': 527.15, u'oi_day_low': 0, u'ohlc': {u'high': 529.75, u'close': 527.15, u'open': 524.5, u'low': 522.1}, u'oi_day_high': 0, u'volume': 0, u'depth': {u'sell': [{u'price': 0, u'orders': 0, u'quantity': 0}, {u'price': 0, u'orders': 0, u'quantity': 0}, {u'price': 0, u'orders': 0, u'quantity': 0}, {u'price': 0, u'orders': 0, u'quantity': 0}, {u'price': 0, u'orders': 0, u'quantity': 0}], u'buy': [{u'price': 0, u'orders': 0, u'quantity': 0}, {u'price': 0, u'orders': 0, u'quantity': 0}, {u'price': 0, u'orders': 0, u'quantity': 0}, {u'price': 0, u'orders': 0, u'quantity': 0}, {u'price': 0, u'orders': 0, u'quantity': 0}]}, u'instrument_token': 975873, u'last_trade_time': datetime.datetime(2018, 8, 1, 8, 30, 47), u'sell_quantity': 0, u'buy_quantity': 0, u'last_quantity': 2, u'net_change': 0}}
[2018-08-01 08:33:06,083] INFO in live_orders [/home/nitin/.atom/freakybananas/live_orders.py:172] - Stock: {'prev_close': 525.85, 'open': 524.5, 'type': 'loser', 'stock': ZEEL-975873-NSE}, Price: 0.0, Target: 0.0, Stop loss: 0.0
[2018-08-01 08:33:06,083] ERROR in live_orders [/home/nitin/.atom/freakybananas/live_orders.py:174] - Price coming out to be zero: ('success', {'prev_close': 525.85, 'open': 524.5, 'type': 'loser', 'stock': ZEEL-975873-NSE})
[2018-08-01 08:33:06,084] INFO in live_orders [/home/nitin/.atom/freakybananas/live_orders.py:152] - Failed filter: failure, stock: ('failure', None)
[2018-08-01 08:33:06,084] INFO in live_orders [/home/nitin/.atom/freakybananas/live_orders.py:152] - Failed filter: failure, stock: ('failure', None)
[2018-08-01 08:33:06,085] INFO in live_orders [/home/nitin/.atom/freakybananas/live_orders.py:152] - Failed filter: failure, stock: ('failure', None)
[2018-08-01 08:33:06,085] INFO in live_orders [/home/nitin/.atom/freakybananas/live_orders.py:152] - Failed filter: failure, stock: ('failure', None)
[2018-08-01 08:33:06,086] INFO in live_orders [/home/nitin/.atom/freakybananas/live_orders.py:152] - Failed filter: failure, stock: ('failure', None)
[2018-08-01 08:33:06,086] INFO in live_orders [/home/nitin/.atom/freakybananas/live_orders.py:152] - Failed filter: failure, stock: ('failure', None)
[2018-08-01 08:33:06,087] INFO in live_orders [/home/nitin/.atom/freakybananas/live_orders.py:152] - Failed filter: failure, stock: ('failure', None)
[2018-08-01 08:33:06,087] INFO in live_orders [/home/nitin/.atom/freakybananas/live_orders.py:152] - Failed filter: failure, stock: ('failure', None)
[2018-08-01 08:33:06,088] INFO in live_orders [/home/nitin/.atom/freakybananas/live_orders.py:152] - Failed filter: failure, stock: ('failure', None)
[2018-08-01 08:33:07,592] INFO in zerodha [/home/nitin/.atom/freakybananas/zerodha.py:72] - Getting quote. {u'1270529': {u'oi': 0, u'timestamp': datetime.datetime(2018, 8, 1, 8, 30, 47), u'average_price': 0, u'last_price': 304.25, u'oi_day_low': 0, u'ohlc': {u'high': 308.5, u'close': 304.25, u'open': 304.3, u'low': 302.2}, u'oi_day_high': 0, u'volume': 0, u'depth': {u'sell': [{u'price': 0, u'orders': 0, u'quantity': 0}, {u'price': 0, u'orders': 0, u'quantity': 0}, {u'price': 0, u'orders': 0, u'quantity': 0}, {u'price': 0, u'orders': 0, u'quantity': 0}, {u'price': 0, u'orders': 0, u'quantity': 0}], u'buy': [{u'price': 0, u'orders': 0, u'quantity': 0}, {u'price': 0, u'orders': 0, u'quantity': 0}, {u'price': 0, u'orders': 0, u'quantity': 0}, {u'price': 0, u'orders': 0, u'quantity': 0}, {u'price': 0, u'orders': 0, u'quantity': 0}]}, u'instrument_token': 1270529, u'last_trade_time': datetime.datetime(2018, 8, 1, 8, 30, 47), u'sell_quantity': 0, u'buy_quantity': 0, u'last_quantity': 1, u'net_change': 0}}
[2018-08-01 08:33:07,593] INFO in live_orders [/home/nitin/.atom/freakybananas/live_orders.py:172] - Stock: {'prev_close': 303.6, 'open': 304.3, 'type': 'gainer', 'stock': ICICIBANK-1270529-NSE}, Price: 0.0, Target: 0.0, Stop loss: 0.0
[2018-08-01 08:33:07,594] ERROR in live_orders [/home/nitin/.atom/freakybananas/live_orders.py:174] - Price coming out to be zero: ('success', {'prev_close': 303.6, 'open': 304.3, 'type': 'gainer', 'stock': ICICIBANK-1270529-NSE})
[2018-08-01 08:33:07,594] INFO in live_orders [/home/nitin/.atom/freakybananas/live_orders.py:152] - Failed filter: failure, stock: ('failure', None)
[2018-08-01 08:33:07,595] INFO in live_orders [/home/nitin/.atom/freakybananas/live_orders.py:152] - Failed filter: failure, stock: ('failure', None)
[2018-08-01 08:33:08,995] INFO in zerodha [/home/nitin/.atom/freakybananas/zerodha.py:72] - Getting quote. {u'2977281': {u'oi': 0, u'timestamp': datetime.datetime(2018, 8, 1, 8, 30, 47), u'average_price': 0, u'last_price': 154.85, u'oi_day_low': 0, u'ohlc': {u'high': 158.8, u'close': 154.85, u'open': 155.85, u'low': 154.25}, u'oi_day_high': 0, u'volume': 0, u'depth': {u'sell': [{u'price': 0, u'orders': 0, u'quantity': 0}, {u'price': 0, u'orders': 0, u'quantity': 0}, {u'price': 0, u'orders': 0, u'quantity': 0}, {u'price': 0, u'orders': 0, u'quantity': 0}, {u'price': 0, u'orders': 0, u'quantity': 0}], u'buy': [{u'price': 0, u'orders': 0, u'quantity': 0}, {u'price': 0, u'orders': 0, u'quantity': 0}, {u'price': 0, u'orders': 0, u'quantity': 0}, {u'price': 0, u'orders': 0, u'quantity': 0}, {u'price': 0, u'orders': 0, u'quantity': 0}]}, u'instrument_token': 2977281, u'last_trade_time': datetime.datetime(2018, 8, 1, 8, 30, 47), u'sell_quantity': 0, u'buy_quantity': 0, u'last_quantity': 241, u'net_change': 0}}
[2018-08-01 08:33:08,996] INFO in live_orders [/home/nitin/.atom/freakybananas/live_orders.py:172] - Stock: {'prev_close': 155.2, 'open': 155.85, 'type': 'gainer', 'stock': NTPC-2977281-NSE}, Price: 0.0, Target: 0.0, Stop loss: 0.0
[2018-08-01 08:33:08,996] ERROR in live_orders [/home/nitin/.atom/freakybananas/live_orders.py:174] - Price coming out to be zero: ('success', {'prev_close': 155.2, 'open': 155.85, 'type': 'gainer', 'stock': NTPC-2977281-NSE})
[2018-08-01 08:33:08,997] INFO in live_orders [/home/nitin/.atom/freakybananas/live_orders.py:152] - Failed filter: failure, stock: ('failure', None)
[2018-08-01 08:33:08,997] INFO in live_orders [/home/nitin/.atom/freakybananas/live_orders.py:152] - Failed filter: failure, stock: ('failure', None)
[2018-08-01 08:33:08,998] INFO in live_orders [/home/nitin/.atom/freakybananas/live_orders.py:194] - Ending run.
[2018-08-01 08:33:41,402] INFO in live_orders [/home/nitin/.atom/freakybananas/live_orders.py:32] - init OpenDoor
[2018-08-01 08:33:43,161] INFO in live_orders [/home/nitin/.atom/freakybananas/live_orders.py:62] - Previous day close set: {'BHARTIARTL': 390, 'TATASTEEL': 563.3, 'EICHERMOT': 27799, 'BPCL': 390.5, 'M&M': 934.1, 'POWERGRID': 182.5, 'HINDPETRO': 284.05, 'GAIL': 375.5, 'HINDUNILVR': 1733, 'KOTAKBANK': 1306.85, 'SBIN': 293.7, 'ADANIPORTS': 401, 'DRREDDY': 2130, 'TITAN': 912.35, 'TCS': 1944.1, 'ASIANPAINT': 1449, 'RELIANCE': 1184.15, 'CIPLA': 640, 'AXISBANK': 549.35, 'LT': 1303, 'COALINDIA': 261.7, 'BAJAJ-AUTO': 2705.35, 'HCLTECH': 965, 'IOC': 164.4, 'INFRATEL': 286, 'WIPRO': 277.25, 'UPL': 642, 'GRASIM': 1025, 'LUPIN': 822.8, 'ONGC': 165.9, 'BAJAJFINSV': 6980, 'TECHM': 680, 'SUNPHARMA': 570, 'HEROMOTOCO': 3297, 'ZEEL': 525.85, 'HDFCBANK': 2183.45, 'TATAMOTORS': 263.6, 'HINDALCO': 213.5, 'ULTRACEMCO': 4194, 'YESBANK': 367.25, 'ITC': 297.55, 'MARUTI': 9535, 'INDUSINDBK': 1998.75, 'HDFC': 1989.5, 'ICICIBANK': 303.6, 'IBULHSGFIN': 1295, 'INFY': 1368, 'NTPC': 155.2, 'VEDL': 222.55, 'BAJFINANCE': 2704}
[2018-08-01 08:33:43,161] INFO in live_orders [/home/nitin/.atom/freakybananas/live_orders.py:47] - Setting close price.
[2018-08-01 08:33:44,163] INFO in live_orders [/home/nitin/.atom/freakybananas/live_orders.py:50] - init OpenDoor ended.
[2018-08-01 08:33:44,164] INFO in start [/home/nitin/.atom/freakybananas/start.py:52] - Starting Open Door.
[2018-08-01 08:33:44,164] INFO in live_orders [/home/nitin/.atom/freakybananas/live_orders.py:136] - Starting run.
[2018-08-01 08:33:44,666] INFO in zerodha [/home/nitin/.atom/freakybananas/zerodha.py:72] - Getting Group quotes
[2018-08-01 08:33:44,868] INFO in live_orders [/home/nitin/.atom/freakybananas/live_orders.py:71] - Start filter
[2018-08-01 08:33:44,868] INFO in live_orders [/home/nitin/.atom/freakybananas/live_orders.py:92] - End filter. {'BHARTIARTL': ('failure', None), 'TATASTEEL': ('failure', None), 'EICHERMOT': ('failure', None), 'BPCL': ('failure', None), 'M&M': ('failure', None), 'POWERGRID': ('failure', None), 'HINDPETRO': ('success', {'prev_close': 284.05, 'open': 283, 'type': 'loser', 'stock': HINDPETRO-359937-NSE}), 'GAIL': ('failure', None), 'HINDUNILVR': ('failure', None), 'KOTAKBANK': ('success', {'prev_close': 1306.85, 'open': 1303.8, 'type': 'loser', 'stock': KOTAKBANK-492033-NSE}), 'SBIN': ('failure', None), 'ADANIPORTS': ('failure', None), 'DRREDDY': ('failure', None), 'TITAN': ('failure', None), 'TCS': ('failure', None), 'ASIANPAINT': ('failure', None), 'RELIANCE': ('failure', None), 'CIPLA': ('success', {'prev_close': 640, 'open': 636.95, 'type': 'loser', 'stock': CIPLA-177665-NSE}), 'AXISBANK': ('failure', None), 'LT': ('success', {'prev_close': 1303, 'open': 1299.95, 'type': 'loser', 'stock': LT-2939649-NSE}), 'COALINDIA': ('failure', None), 'BAJAJ-AUTO': ('failure', None), 'HCLTECH': ('failure', None), 'IOC': ('failure', None), 'INFRATEL': ('failure', None), 'WIPRO': ('failure', None), 'UPL': ('success', {'prev_close': 642, 'open': 644.5, 'type': 'gainer', 'stock': UPL-2889473-NSE}), 'GRASIM': ('failure', None), 'LUPIN': ('success', {'prev_close': 822.8, 'open': 825, 'type': 'gainer', 'stock': LUPIN-2672641-NSE}), 'ONGC': ('failure', None), 'BAJAJFINSV': ('failure', None), 'TECHM': ('failure', None), 'SUNPHARMA': ('failure', None), 'HEROMOTOCO': ('failure', None), 'ZEEL': ('success', {'prev_close': 525.85, 'open': 524.5, 'type': 'loser', 'stock': ZEEL-975873-NSE}), 'HDFCBANK': ('failure', None), 'TATAMOTORS': ('failure', None), 'HINDALCO': ('failure', None), 'ULTRACEMCO': ('failure', None), 'YESBANK': ('failure', None), 'ITC': ('failure', None), 'MARUTI': ('failure', None), 'INDUSINDBK': ('failure', None), 'HDFC': ('failure', None), 'ICICIBANK': ('success', {'prev_close': 303.6, 'open': 304.3, 'type': 'gainer', 'stock': ICICIBANK-1270529-NSE}), 'IBULHSGFIN': ('failure', None), 'INFY': ('failure', None), 'NTPC': ('success', {'prev_close': 155.2, 'open': 155.85, 'type': 'gainer', 'stock': NTPC-2977281-NSE}), 'VEDL': ('failure', None), 'BAJFINANCE': ('failure', None)}
[2018-08-01 08:33:44,868] INFO in live_orders [/home/nitin/.atom/freakybananas/live_orders.py:149] - Trying for the 1st time.
[2018-08-01 08:33:44,868] INFO in live_orders [/home/nitin/.atom/freakybananas/live_orders.py:152] - Failed filter: failure, stock: ('failure', None)
[2018-08-01 08:33:44,868] INFO in live_orders [/home/nitin/.atom/freakybananas/live_orders.py:152] - Failed filter: failure, stock: ('failure', None)
[2018-08-01 08:33:44,869] INFO in live_orders [/home/nitin/.atom/freakybananas/live_orders.py:152] - Failed filter: failure, stock: ('failure', None)
[2018-08-01 08:33:44,869] INFO in live_orders [/home/nitin/.atom/freakybananas/live_orders.py:152] - Failed filter: failure, stock: ('failure', None)
[2018-08-01 08:33:44,869] INFO in live_orders [/home/nitin/.atom/freakybananas/live_orders.py:152] - Failed filter: failure, stock: ('failure', None)
[2018-08-01 08:33:44,869] INFO in live_orders [/home/nitin/.atom/freakybananas/live_orders.py:152] - Failed filter: failure, stock: ('failure', None)
[2018-08-01 08:33:44,869] INFO in live_orders [/home/nitin/.atom/freakybananas/live_orders.py:157] - Order already in redis, key: stock_orders_359937
[2018-08-01 08:33:44,869] INFO in live_orders [/home/nitin/.atom/freakybananas/live_orders.py:152] - Failed filter: failure, stock: ('failure', None)
[2018-08-01 08:33:44,870] INFO in live_orders [/home/nitin/.atom/freakybananas/live_orders.py:152] - Failed filter: failure, stock: ('failure', None)
[2018-08-01 08:33:45,540] INFO in zerodha [/home/nitin/.atom/freakybananas/zerodha.py:72] - Getting quote. {u'492033': {u'oi': 0, u'timestamp': datetime.datetime(2018, 8, 1, 8, 30, 47), u'average_price': 0, u'last_price': 1306.85, u'oi_day_low': 0, u'ohlc': {u'high': 1313.6, u'close': 1306.85, u'open': 1303.8, u'low': 1287.15}, u'oi_day_high': 0, u'volume': 0, u'depth': {u'sell': [{u'price': 0, u'orders': 0, u'quantity': 0}, {u'price': 0, u'orders': 0, u'quantity': 0}, {u'price': 0, u'orders': 0, u'quantity': 0}, {u'price': 0, u'orders': 0, u'quantity': 0}, {u'price': 0, u'orders': 0, u'quantity': 0}], u'buy': [{u'price': 0, u'orders': 0, u'quantity': 0}, {u'price': 0, u'orders': 0, u'quantity': 0}, {u'price': 0, u'orders': 0, u'quantity': 0}, {u'price': 0, u'orders': 0, u'quantity': 0}, {u'price': 0, u'orders': 0, u'quantity': 0}]}, u'instrument_token': 492033, u'last_trade_time': datetime.datetime(2018, 8, 1, 8, 30, 47), u'sell_quantity': 0, u'buy_quantity': 0, u'last_quantity': 25, u'net_change': 0}}
[2018-08-01 08:33:45,541] INFO in live_orders [/home/nitin/.atom/freakybananas/live_orders.py:172] - Stock: {'prev_close': 1306.85, 'open': 1303.8, 'type': 'loser', 'stock': KOTAKBANK-492033-NSE}, Price: 0.0, Target: 0.0, Stop loss: 0.0
[2018-08-01 08:33:45,542] ERROR in live_orders [/home/nitin/.atom/freakybananas/live_orders.py:174] - Price coming out to be zero: ('success', {'prev_close': 1306.85, 'open': 1303.8, 'type': 'loser', 'stock': KOTAKBANK-492033-NSE})
[2018-08-01 08:33:45,542] INFO in live_orders [/home/nitin/.atom/freakybananas/live_orders.py:152] - Failed filter: failure, stock: ('failure', None)
[2018-08-01 08:33:45,543] INFO in live_orders [/home/nitin/.atom/freakybananas/live_orders.py:152] - Failed filter: failure, stock: ('failure', None)
[2018-08-01 08:33:45,543] INFO in live_orders [/home/nitin/.atom/freakybananas/live_orders.py:152] - Failed filter: failure, stock: ('failure', None)
[2018-08-01 08:33:45,544] INFO in live_orders [/home/nitin/.atom/freakybananas/live_orders.py:152] - Failed filter: failure, stock: ('failure', None)
[2018-08-01 08:33:45,544] INFO in live_orders [/home/nitin/.atom/freakybananas/live_orders.py:152] - Failed filter: failure, stock: ('failure', None)
[2018-08-01 08:33:45,545] INFO in live_orders [/home/nitin/.atom/freakybananas/live_orders.py:152] - Failed filter: failure, stock: ('failure', None)
[2018-08-01 08:33:45,545] INFO in live_orders [/home/nitin/.atom/freakybananas/live_orders.py:152] - Failed filter: failure, stock: ('failure', None)
[2018-08-01 08:33:46,032] INFO in zerodha [/home/nitin/.atom/freakybananas/zerodha.py:72] - Getting quote. {u'177665': {u'oi': 0, u'timestamp': datetime.datetime(2018, 8, 1, 8, 30, 47), u'average_price': 0, u'last_price': 641.35, u'oi_day_low': 0, u'ohlc': {u'high': 647, u'close': 641.35, u'open': 636.95, u'low': 628.1}, u'oi_day_high': 0, u'volume': 0, u'depth': {u'sell': [{u'price': 0, u'orders': 0, u'quantity': 0}, {u'price': 0, u'orders': 0, u'quantity': 0}, {u'price': 0, u'orders': 0, u'quantity': 0}, {u'price': 0, u'orders': 0, u'quantity': 0}, {u'price': 0, u'orders': 0, u'quantity': 0}], u'buy': [{u'price': 0, u'orders': 0, u'quantity': 0}, {u'price': 0, u'orders': 0, u'quantity': 0}, {u'price': 0, u'orders': 0, u'quantity': 0}, {u'price': 0, u'orders': 0, u'quantity': 0}, {u'price': 0, u'orders': 0, u'quantity': 0}]}, u'instrument_token': 177665, u'last_trade_time': datetime.datetime(2018, 8, 1, 8, 30, 47), u'sell_quantity': 0, u'buy_quantity': 0, u'last_quantity': 100, u'net_change': 0}}
[2018-08-01 08:33:46,033] INFO in live_orders [/home/nitin/.atom/freakybananas/live_orders.py:172] - Stock: {'prev_close': 640, 'open': 636.95, 'type': 'loser', 'stock': CIPLA-177665-NSE}, Price: 0.0, Target: 0.0, Stop loss: 0.0
[2018-08-01 08:33:46,033] ERROR in live_orders [/home/nitin/.atom/freakybananas/live_orders.py:174] - Price coming out to be zero: ('success', {'prev_close': 640, 'open': 636.95, 'type': 'loser', 'stock': CIPLA-177665-NSE})
[2018-08-01 08:33:46,034] INFO in live_orders [/home/nitin/.atom/freakybananas/live_orders.py:152] - Failed filter: failure, stock: ('failure', None)
[2018-08-01 08:33:47,469] INFO in zerodha [/home/nitin/.atom/freakybananas/zerodha.py:72] - Getting quote. {u'2939649': {u'oi': 0, u'timestamp': datetime.datetime(2018, 8, 1, 8, 33, 47), u'average_price': 0, u'last_price': 1302.3, u'oi_day_low': 0, u'ohlc': {u'high': 1310.45, u'close': 1302.3, u'open': 1299.95, u'low': 1285}, u'oi_day_high': 0, u'volume': 0, u'depth': {u'sell': [{u'price': 0, u'orders': 0, u'quantity': 0}, {u'price': 0, u'orders': 0, u'quantity': 0}, {u'price': 0, u'orders': 0, u'quantity': 0}, {u'price': 0, u'orders': 0, u'quantity': 0}, {u'price': 0, u'orders': 0, u'quantity': 0}], u'buy': [{u'price': 0, u'orders': 0, u'quantity': 0}, {u'price': 0, u'orders': 0, u'quantity': 0}, {u'price': 0, u'orders': 0, u'quantity': 0}, {u'price': 0, u'orders': 0, u'quantity': 0}, {u'price': 0, u'orders': 0, u'quantity': 0}]}, u'instrument_token': 2939649, u'last_trade_time': datetime.datetime(2018, 8, 1, 8, 33, 47), u'sell_quantity': 0, u'buy_quantity': 0, u'last_quantity': 10, u'net_change': 0}}
[2018-08-01 08:33:47,470] INFO in live_orders [/home/nitin/.atom/freakybananas/live_orders.py:172] - Stock: {'prev_close': 1303, 'open': 1299.95, 'type': 'loser', 'stock': LT-2939649-NSE}, Price: 0.0, Target: 0.0, Stop loss: 0.0
[2018-08-01 08:33:47,471] ERROR in live_orders [/home/nitin/.atom/freakybananas/live_orders.py:174] - Price coming out to be zero: ('success', {'prev_close': 1303, 'open': 1299.95, 'type': 'loser', 'stock': LT-2939649-NSE})
[2018-08-01 08:33:47,472] INFO in live_orders [/home/nitin/.atom/freakybananas/live_orders.py:152] - Failed filter: failure, stock: ('failure', None)
[2018-08-01 08:33:47,472] INFO in live_orders [/home/nitin/.atom/freakybananas/live_orders.py:152] - Failed filter: failure, stock: ('failure', None)
[2018-08-01 08:33:47,473] INFO in live_orders [/home/nitin/.atom/freakybananas/live_orders.py:152] - Failed filter: failure, stock: ('failure', None)
[2018-08-01 08:33:47,474] INFO in live_orders [/home/nitin/.atom/freakybananas/live_orders.py:152] - Failed filter: failure, stock: ('failure', None)
[2018-08-01 08:33:47,474] INFO in live_orders [/home/nitin/.atom/freakybananas/live_orders.py:152] - Failed filter: failure, stock: ('failure', None)
[2018-08-01 08:33:47,475] INFO in live_orders [/home/nitin/.atom/freakybananas/live_orders.py:152] - Failed filter: failure, stock: ('failure', None)
[2018-08-01 08:33:48,131] INFO in zerodha [/home/nitin/.atom/freakybananas/zerodha.py:72] - Getting quote. {u'2889473': {u'oi': 0, u'timestamp': datetime.datetime(2018, 8, 1, 8, 33, 47), u'average_price': 0, u'last_price': 644.05, u'oi_day_low': 0, u'ohlc': {u'high': 655.85, u'close': 644.05, u'open': 644.5, u'low': 631.25}, u'oi_day_high': 0, u'volume': 0, u'depth': {u'sell': [{u'price': 0, u'orders': 0, u'quantity': 0}, {u'price': 0, u'orders': 0, u'quantity': 0}, {u'price': 0, u'orders': 0, u'quantity': 0}, {u'price': 0, u'orders': 0, u'quantity': 0}, {u'price': 0, u'orders': 0, u'quantity': 0}], u'buy': [{u'price': 0, u'orders': 0, u'quantity': 0}, {u'price': 0, u'orders': 0, u'quantity': 0}, {u'price': 0, u'orders': 0, u'quantity': 0}, {u'price': 0, u'orders': 0, u'quantity': 0}, {u'price': 0, u'orders': 0, u'quantity': 0}]}, u'instrument_token': 2889473, u'last_trade_time': datetime.datetime(2018, 8, 1, 8, 33, 47), u'sell_quantity': 0, u'buy_quantity': 0, u'last_quantity': 1, u'net_change': 0}}
[2018-08-01 08:33:48,132] INFO in live_orders [/home/nitin/.atom/freakybananas/live_orders.py:172] - Stock: {'prev_close': 642, 'open': 644.5, 'type': 'gainer', 'stock': UPL-2889473-NSE}, Price: 0.0, Target: 0.0, Stop loss: 0.0
[2018-08-01 08:33:48,132] ERROR in live_orders [/home/nitin/.atom/freakybananas/live_orders.py:174] - Price coming out to be zero: ('success', {'prev_close': 642, 'open': 644.5, 'type': 'gainer', 'stock': UPL-2889473-NSE})
[2018-08-01 08:33:48,133] INFO in live_orders [/home/nitin/.atom/freakybananas/live_orders.py:152] - Failed filter: failure, stock: ('failure', None)
[2018-08-01 08:33:49,529] INFO in zerodha [/home/nitin/.atom/freakybananas/zerodha.py:72] - Getting quote. {u'2672641': {u'oi': 0, u'timestamp': datetime.datetime(2018, 8, 1, 8, 33, 47), u'average_price': 0, u'last_price': 824.4, u'oi_day_low': 0, u'ohlc': {u'high': 830, u'close': 824.4, u'open': 825, u'low': 815}, u'oi_day_high': 0, u'volume': 0, u'depth': {u'sell': [{u'price': 0, u'orders': 0, u'quantity': 0}, {u'price': 0, u'orders': 0, u'quantity': 0}, {u'price': 0, u'orders': 0, u'quantity': 0}, {u'price': 0, u'orders': 0, u'quantity': 0}, {u'price': 0, u'orders': 0, u'quantity': 0}], u'buy': [{u'price': 0, u'orders': 0, u'quantity': 0}, {u'price': 0, u'orders': 0, u'quantity': 0}, {u'price': 0, u'orders': 0, u'quantity': 0}, {u'price': 0, u'orders': 0, u'quantity': 0}, {u'price': 0, u'orders': 0, u'quantity': 0}]}, u'instrument_token': 2672641, u'last_trade_time': datetime.datetime(2018, 8, 1, 8, 33, 47), u'sell_quantity': 0, u'buy_quantity': 0, u'last_quantity': 10, u'net_change': 0}}
[2018-08-01 08:33:49,530] INFO in live_orders [/home/nitin/.atom/freakybananas/live_orders.py:172] - Stock: {'prev_close': 822.8, 'open': 825, 'type': 'gainer', 'stock': LUPIN-2672641-NSE}, Price: 0.0, Target: 0.0, Stop loss: 0.0
[2018-08-01 08:33:49,530] ERROR in live_orders [/home/nitin/.atom/freakybananas/live_orders.py:174] - Price coming out to be zero: ('success', {'prev_close': 822.8, 'open': 825, 'type': 'gainer', 'stock': LUPIN-2672641-NSE})
[2018-08-01 08:33:49,530] INFO in live_orders [/home/nitin/.atom/freakybananas/live_orders.py:152] - Failed filter: failure, stock: ('failure', None)
[2018-08-01 08:33:49,530] INFO in live_orders [/home/nitin/.atom/freakybananas/live_orders.py:152] - Failed filter: failure, stock: ('failure', None)
[2018-08-01 08:33:49,534] INFO in live_orders [/home/nitin/.atom/freakybananas/live_orders.py:152] - Failed filter: failure, stock: ('failure', None)
[2018-08-01 08:33:49,534] INFO in live_orders [/home/nitin/.atom/freakybananas/live_orders.py:152] - Failed filter: failure, stock: ('failure', None)
[2018-08-01 08:33:49,534] INFO in live_orders [/home/nitin/.atom/freakybananas/live_orders.py:152] - Failed filter: failure, stock: ('failure', None)
[2018-08-01 08:33:49,978] INFO in zerodha [/home/nitin/.atom/freakybananas/zerodha.py:72] - Getting quote. {u'975873': {u'oi': 0, u'timestamp': datetime.datetime(2018, 8, 1, 8, 33, 47), u'average_price': 0, u'last_price': 527.15, u'oi_day_low': 0, u'ohlc': {u'high': 529.75, u'close': 527.15, u'open': 524.5, u'low': 522.1}, u'oi_day_high': 0, u'volume': 0, u'depth': {u'sell': [{u'price': 0, u'orders': 0, u'quantity': 0}, {u'price': 0, u'orders': 0, u'quantity': 0}, {u'price': 0, u'orders': 0, u'quantity': 0}, {u'price': 0, u'orders': 0, u'quantity': 0}, {u'price': 0, u'orders': 0, u'quantity': 0}], u'buy': [{u'price': 0, u'orders': 0, u'quantity': 0}, {u'price': 0, u'orders': 0, u'quantity': 0}, {u'price': 0, u'orders': 0, u'quantity': 0}, {u'price': 0, u'orders': 0, u'quantity': 0}, {u'price': 0, u'orders': 0, u'quantity': 0}]}, u'instrument_token': 975873, u'last_trade_time': datetime.datetime(2018, 8, 1, 8, 33, 47), u'sell_quantity': 0, u'buy_quantity': 0, u'last_quantity': 2, u'net_change': 0}}
[2018-08-01 08:33:49,979] INFO in live_orders [/home/nitin/.atom/freakybananas/live_orders.py:172] - Stock: {'prev_close': 525.85, 'open': 524.5, 'type': 'loser', 'stock': ZEEL-975873-NSE}, Price: 0.0, Target: 0.0, Stop loss: 0.0
[2018-08-01 08:33:49,980] ERROR in live_orders [/home/nitin/.atom/freakybananas/live_orders.py:174] - Price coming out to be zero: ('success', {'prev_close': 525.85, 'open': 524.5, 'type': 'loser', 'stock': ZEEL-975873-NSE})
[2018-08-01 08:33:49,981] INFO in live_orders [/home/nitin/.atom/freakybananas/live_orders.py:152] - Failed filter: failure, stock: ('failure', None)
[2018-08-01 08:33:49,981] INFO in live_orders [/home/nitin/.atom/freakybananas/live_orders.py:152] - Failed filter: failure, stock: ('failure', None)
[2018-08-01 08:33:49,982] INFO in live_orders [/home/nitin/.atom/freakybananas/live_orders.py:152] - Failed filter: failure, stock: ('failure', None)
[2018-08-01 08:33:49,983] INFO in live_orders [/home/nitin/.atom/freakybananas/live_orders.py:152] - Failed filter: failure, stock: ('failure', None)
[2018-08-01 08:33:49,983] INFO in live_orders [/home/nitin/.atom/freakybananas/live_orders.py:152] - Failed filter: failure, stock: ('failure', None)
[2018-08-01 08:33:49,984] INFO in live_orders [/home/nitin/.atom/freakybananas/live_orders.py:152] - Failed filter: failure, stock: ('failure', None)
[2018-08-01 08:33:49,984] INFO in live_orders [/home/nitin/.atom/freakybananas/live_orders.py:152] - Failed filter: failure, stock: ('failure', None)
[2018-08-01 08:33:49,985] INFO in live_orders [/home/nitin/.atom/freakybananas/live_orders.py:152] - Failed filter: failure, stock: ('failure', None)
[2018-08-01 08:33:49,985] INFO in live_orders [/home/nitin/.atom/freakybananas/live_orders.py:152] - Failed filter: failure, stock: ('failure', None)
[2018-08-01 08:33:51,181] INFO in zerodha [/home/nitin/.atom/freakybananas/zerodha.py:72] - Getting quote. {u'1270529': {u'oi': 0, u'timestamp': datetime.datetime(2018, 8, 1, 8, 33, 47), u'average_price': 0, u'last_price': 304.25, u'oi_day_low': 0, u'ohlc': {u'high': 308.5, u'close': 304.25, u'open': 304.3, u'low': 302.2}, u'oi_day_high': 0, u'volume': 0, u'depth': {u'sell': [{u'price': 0, u'orders': 0, u'quantity': 0}, {u'price': 0, u'orders': 0, u'quantity': 0}, {u'price': 0, u'orders': 0, u'quantity': 0}, {u'price': 0, u'orders': 0, u'quantity': 0}, {u'price': 0, u'orders': 0, u'quantity': 0}], u'buy': [{u'price': 0, u'orders': 0, u'quantity': 0}, {u'price': 0, u'orders': 0, u'quantity': 0}, {u'price': 0, u'orders': 0, u'quantity': 0}, {u'price': 0, u'orders': 0, u'quantity': 0}, {u'price': 0, u'orders': 0, u'quantity': 0}]}, u'instrument_token': 1270529, u'last_trade_time': datetime.datetime(2018, 8, 1, 8, 33, 47), u'sell_quantity': 0, u'buy_quantity': 0, u'last_quantity': 1, u'net_change': 0}}
[2018-08-01 08:33:51,182] INFO in live_orders [/home/nitin/.atom/freakybananas/live_orders.py:172] - Stock: {'prev_close': 303.6, 'open': 304.3, 'type': 'gainer', 'stock': ICICIBANK-1270529-NSE}, Price: 0.0, Target: 0.0, Stop loss: 0.0
[2018-08-01 08:33:51,183] ERROR in live_orders [/home/nitin/.atom/freakybananas/live_orders.py:174] - Price coming out to be zero: ('success', {'prev_close': 303.6, 'open': 304.3, 'type': 'gainer', 'stock': ICICIBANK-1270529-NSE})
[2018-08-01 08:33:51,184] INFO in live_orders [/home/nitin/.atom/freakybananas/live_orders.py:152] - Failed filter: failure, stock: ('failure', None)
[2018-08-01 08:33:51,184] INFO in live_orders [/home/nitin/.atom/freakybananas/live_orders.py:152] - Failed filter: failure, stock: ('failure', None)
[2018-08-01 08:33:52,362] INFO in zerodha [/home/nitin/.atom/freakybananas/zerodha.py:72] - Getting quote. {u'2977281': {u'oi': 0, u'timestamp': datetime.datetime(2018, 8, 1, 8, 33, 47), u'average_price': 0, u'last_price': 154.85, u'oi_day_low': 0, u'ohlc': {u'high': 158.8, u'close': 154.85, u'open': 155.85, u'low': 154.25}, u'oi_day_high': 0, u'volume': 0, u'depth': {u'sell': [{u'price': 0, u'orders': 0, u'quantity': 0}, {u'price': 0, u'orders': 0, u'quantity': 0}, {u'price': 0, u'orders': 0, u'quantity': 0}, {u'price': 0, u'orders': 0, u'quantity': 0}, {u'price': 0, u'orders': 0, u'quantity': 0}], u'buy': [{u'price': 0, u'orders': 0, u'quantity': 0}, {u'price': 0, u'orders': 0, u'quantity': 0}, {u'price': 0, u'orders': 0, u'quantity': 0}, {u'price': 0, u'orders': 0, u'quantity': 0}, {u'price': 0, u'orders': 0, u'quantity': 0}]}, u'instrument_token': 2977281, u'last_trade_time': datetime.datetime(2018, 8, 1, 8, 33, 47), u'sell_quantity': 0, u'buy_quantity': 0, u'last_quantity': 241, u'net_change': 0}}
[2018-08-01 08:33:52,363] INFO in live_orders [/home/nitin/.atom/freakybananas/live_orders.py:172] - Stock: {'prev_close': 155.2, 'open': 155.85, 'type': 'gainer', 'stock': NTPC-2977281-NSE}, Price: 0.0, Target: 0.0, Stop loss: 0.0
[2018-08-01 08:33:52,363] ERROR in live_orders [/home/nitin/.atom/freakybananas/live_orders.py:174] - Price coming out to be zero: ('success', {'prev_close': 155.2, 'open': 155.85, 'type': 'gainer', 'stock': NTPC-2977281-NSE})
[2018-08-01 08:33:52,364] INFO in live_orders [/home/nitin/.atom/freakybananas/live_orders.py:152] - Failed filter: failure, stock: ('failure', None)
[2018-08-01 08:33:52,365] INFO in live_orders [/home/nitin/.atom/freakybananas/live_orders.py:152] - Failed filter: failure, stock: ('failure', None)
[2018-08-01 08:33:52,365] INFO in live_orders [/home/nitin/.atom/freakybananas/live_orders.py:194] - Ending run.
[2018-08-01 09:12:20,856] INFO in live_orders [/home/nitin/.atom/freakybananas/live_orders.py:32] - init OpenDoor
[2018-08-01 09:12:22,355] INFO in live_orders [/home/nitin/.atom/freakybananas/live_orders.py:62] - Previous day close set: {'BHARTIARTL': 390, 'TATASTEEL': 563.3, 'EICHERMOT': 27799, 'BPCL': 390.5, 'M&M': 934.1, 'POWERGRID': 182.5, 'HINDPETRO': 284.05, 'GAIL': 375.5, 'HINDUNILVR': 1733, 'KOTAKBANK': 1306.85, 'SBIN': 293.7, 'ADANIPORTS': 401, 'DRREDDY': 2130, 'TITAN': 912.35, 'TCS': 1944.1, 'ASIANPAINT': 1449, 'RELIANCE': 1184.15, 'CIPLA': 640, 'AXISBANK': 549.35, 'LT': 1303, 'COALINDIA': 261.7, 'BAJAJ-AUTO': 2705.35, 'HCLTECH': 965, 'IOC': 164.4, 'INFRATEL': 286, 'WIPRO': 277.25, 'UPL': 642, 'GRASIM': 1025, 'LUPIN': 822.8, 'ONGC': 165.9, 'BAJAJFINSV': 6980, 'TECHM': 680, 'SUNPHARMA': 570, 'HEROMOTOCO': 3297, 'ZEEL': 525.85, 'HDFCBANK': 2183.45, 'TATAMOTORS': 263.6, 'HINDALCO': 213.5, 'ULTRACEMCO': 4194, 'YESBANK': 367.25, 'ITC': 297.55, 'MARUTI': 9535, 'INDUSINDBK': 1998.75, 'HDFC': 1989.5, 'ICICIBANK': 303.6, 'IBULHSGFIN': 1295, 'INFY': 1368, 'NTPC': 155.2, 'VEDL': 222.55, 'BAJFINANCE': 2704}
[2018-08-01 09:12:22,356] INFO in live_orders [/home/nitin/.atom/freakybananas/live_orders.py:47] - Setting close price.
[2018-08-01 09:12:23,357] INFO in live_orders [/home/nitin/.atom/freakybananas/live_orders.py:50] - init OpenDoor ended.
[2018-08-01 09:12:23,357] INFO in start [/home/nitin/.atom/freakybananas/start.py:52] - Starting Open Door.
[2018-08-01 09:12:23,357] INFO in live_orders [/home/nitin/.atom/freakybananas/live_orders.py:136] - Starting run.
[2018-08-01 09:12:23,995] INFO in zerodha [/home/nitin/.atom/freakybananas/zerodha.py:72] - Getting Group quotes
[2018-08-01 09:12:24,242] INFO in live_orders [/home/nitin/.atom/freakybananas/live_orders.py:71] - Start filter
[2018-08-01 09:12:24,243] INFO in live_orders [/home/nitin/.atom/freakybananas/live_orders.py:92] - End filter. {'BHARTIARTL': ('failure', None), 'TATASTEEL': ('failure', None), 'EICHERMOT': ('failure', None), 'BPCL': ('failure', None), 'M&M': ('failure', None), 'POWERGRID': ('success', {'prev_close': 182.5, 'open': 183, 'type': 'gainer', 'stock': POWERGRID-3834113-NSE}), 'HINDPETRO': ('failure', None), 'GAIL': ('success', {'prev_close': 375.5, 'open': 377, 'type': 'gainer', 'stock': GAIL-1207553-NSE}), 'HINDUNILVR': ('failure', None), 'KOTAKBANK': ('failure', None), 'SBIN': ('success', {'prev_close': 293.7, 'open': 294.5, 'type': 'gainer', 'stock': SBIN-779521-NSE}), 'ADANIPORTS': ('success', {'prev_close': 401, 'open': 402.95, 'type': 'gainer', 'stock': ADANIPORTS-3861249-NSE}), 'DRREDDY': ('failure', None), 'TITAN': ('success', {'prev_close': 912.35, 'open': 915, 'type': 'gainer', 'stock': TITAN-897537-NSE}), 'TCS': ('success', {'prev_close': 1944.1, 'open': 1949.95, 'type': 'gainer', 'stock': TCS-2953217-NSE}), 'ASIANPAINT': ('failure', None), 'RELIANCE': ('success', {'prev_close': 1184.15, 'open': 1190.4, 'type': 'gainer', 'stock': RELIANCE-738561-NSE}), 'CIPLA': ('failure', None), 'AXISBANK': ('success', {'prev_close': 549.35, 'open': 550.5, 'type': 'gainer', 'stock': AXISBANK-1510401-NSE}), 'LT': ('failure', None), 'COALINDIA': ('failure', None), 'BAJAJ-AUTO': ('success', {'prev_close': 2705.35, 'open': 2717, 'type': 'gainer', 'stock': BAJAJ-AUTO-4267265-NSE}), 'HCLTECH': ('failure', None), 'IOC': ('failure', None), 'INFRATEL': ('failure', None), 'WIPRO': ('success', {'prev_close': 277.25, 'open': 276, 'type': 'loser', 'stock': WIPRO-969473-NSE}), 'UPL': ('failure', None), 'GRASIM': ('failure', None), 'LUPIN': ('success', {'prev_close': 822.8, 'open': 825.05, 'type': 'gainer', 'stock': LUPIN-2672641-NSE}), 'ONGC': ('success', {'prev_close': 165.9, 'open': 165.25, 'type': 'loser', 'stock': ONGC-633601-NSE}), 'BAJAJFINSV': ('failure', None), 'TECHM': ('failure', None), 'SUNPHARMA': ('failure', None), 'HEROMOTOCO': ('failure', None), 'ZEEL': ('failure', None), 'HDFCBANK': ('failure', None), 'TATAMOTORS': ('failure', None), 'HINDALCO': ('success', {'prev_close': 213.5, 'open': 214.5, 'type': 'gainer', 'stock': HINDALCO-348929-NSE}), 'ULTRACEMCO': ('success', {'prev_close': 4194, 'open': 4205.5, 'type': 'gainer', 'stock': ULTRACEMCO-2952193-NSE}), 'YESBANK': ('failure', None), 'ITC': ('failure', None), 'MARUTI': ('failure', None), 'INDUSINDBK': ('success', {'prev_close': 1998.75, 'open': 2005, 'type': 'gainer', 'stock': INDUSINDBK-1346049-NSE}), 'HDFC': ('success', {'prev_close': 1989.5, 'open': 1995, 'type': 'gainer', 'stock': HDFC-340481-NSE}), 'ICICIBANK': ('success', {'prev_close': 303.6, 'open': 302.6, 'type': 'loser', 'stock': ICICIBANK-1270529-NSE}), 'IBULHSGFIN': ('failure', None), 'INFY': ('success', {'prev_close': 1368, 'open': 1363.8, 'type': 'loser', 'stock': INFY-408065-NSE}), 'NTPC': ('success', {'prev_close': 155.2, 'open': 154.8, 'type': 'loser', 'stock': NTPC-2977281-NSE}), 'VEDL': ('failure', None), 'BAJFINANCE': ('failure', None)}
[2018-08-01 09:12:24,243] INFO in live_orders [/home/nitin/.atom/freakybananas/live_orders.py:147] - Just waiting!
[2018-08-01 09:12:25,244] INFO in live_orders [/home/nitin/.atom/freakybananas/live_orders.py:147] - Just waiting!
[2018-08-01 09:12:26,246] INFO in live_orders [/home/nitin/.atom/freakybananas/live_orders.py:147] - Just waiting!
[2018-08-01 09:12:27,248] INFO in live_orders [/home/nitin/.atom/freakybananas/live_orders.py:147] - Just waiting!
[2018-08-01 09:12:28,250] INFO in live_orders [/home/nitin/.atom/freakybananas/live_orders.py:147] - Just waiting!
[2018-08-01 09:12:29,252] INFO in live_orders [/home/nitin/.atom/freakybananas/live_orders.py:147] - Just waiting!
[2018-08-01 09:12:30,254] INFO in live_orders [/home/nitin/.atom/freakybananas/live_orders.py:147] - Just waiting!
[2018-08-01 09:12:31,256] INFO in live_orders [/home/nitin/.atom/freakybananas/live_orders.py:147] - Just waiting!
[2018-08-01 09:12:32,258] INFO in live_orders [/home/nitin/.atom/freakybananas/live_orders.py:147] - Just waiting!
[2018-08-01 09:12:33,260] INFO in live_orders [/home/nitin/.atom/freakybananas/live_orders.py:147] - Just waiting!
[2018-08-01 09:12:34,263] INFO in live_orders [/home/nitin/.atom/freakybananas/live_orders.py:147] - Just waiting!
[2018-08-01 09:12:35,264] INFO in live_orders [/home/nitin/.atom/freakybananas/live_orders.py:147] - Just waiting!
[2018-08-01 09:12:36,266] INFO in live_orders [/home/nitin/.atom/freakybananas/live_orders.py:147] - Just waiting!
[2018-08-01 09:12:37,268] INFO in live_orders [/home/nitin/.atom/freakybananas/live_orders.py:147] - Just waiting!
[2018-08-01 09:12:38,270] INFO in live_orders [/home/nitin/.atom/freakybananas/live_orders.py:147] - Just waiting!
[2018-08-01 09:12:39,272] INFO in live_orders [/home/nitin/.atom/freakybananas/live_orders.py:147] - Just waiting!
[2018-08-01 09:12:40,275] INFO in live_orders [/home/nitin/.atom/freakybananas/live_orders.py:147] - Just waiting!
[2018-08-01 09:12:41,277] INFO in live_orders [/home/nitin/.atom/freakybananas/live_orders.py:147] - Just waiting!
[2018-08-01 09:12:42,278] INFO in live_orders [/home/nitin/.atom/freakybananas/live_orders.py:147] - Just waiting!
[2018-08-01 09:12:43,281] INFO in live_orders [/home/nitin/.atom/freakybananas/live_orders.py:147] - Just waiting!
[2018-08-01 09:12:44,284] INFO in live_orders [/home/nitin/.atom/freakybananas/live_orders.py:147] - Just waiting!
[2018-08-01 09:12:45,286] INFO in live_orders [/home/nitin/.atom/freakybananas/live_orders.py:147] - Just waiting!
[2018-08-01 09:12:46,289] INFO in live_orders [/home/nitin/.atom/freakybananas/live_orders.py:147] - Just waiting!
[2018-08-01 09:12:47,291] INFO in live_orders [/home/nitin/.atom/freakybananas/live_orders.py:147] - Just waiting!
[2018-08-01 09:12:48,294] INFO in live_orders [/home/nitin/.atom/freakybananas/live_orders.py:147] - Just waiting!
[2018-08-01 09:12:49,296] INFO in live_orders [/home/nitin/.atom/freakybananas/live_orders.py:147] - Just waiting!
[2018-08-01 09:12:50,298] INFO in live_orders [/home/nitin/.atom/freakybananas/live_orders.py:147] - Just waiting!
[2018-08-01 09:12:51,301] INFO in live_orders [/home/nitin/.atom/freakybananas/live_orders.py:147] - Just waiting!
[2018-08-01 09:12:52,303] INFO in live_orders [/home/nitin/.atom/freakybananas/live_orders.py:147] - Just waiting!
[2018-08-01 09:12:53,304] INFO in live_orders [/home/nitin/.atom/freakybananas/live_orders.py:147] - Just waiting!
[2018-08-01 09:12:54,307] INFO in live_orders [/home/nitin/.atom/freakybananas/live_orders.py:147] - Just waiting!
[2018-08-01 09:12:55,309] INFO in live_orders [/home/nitin/.atom/freakybananas/live_orders.py:147] - Just waiting!
[2018-08-01 09:12:56,310] INFO in live_orders [/home/nitin/.atom/freakybananas/live_orders.py:147] - Just waiting!
[2018-08-01 09:12:57,312] INFO in live_orders [/home/nitin/.atom/freakybananas/live_orders.py:147] - Just waiting!
[2018-08-01 09:12:58,314] INFO in live_orders [/home/nitin/.atom/freakybananas/live_orders.py:147] - Just waiting!
[2018-08-01 09:12:59,315] INFO in live_orders [/home/nitin/.atom/freakybananas/live_orders.py:147] - Just waiting!
[2018-08-01 09:13:00,317] INFO in live_orders [/home/nitin/.atom/freakybananas/live_orders.py:147] - Just waiting!
[2018-08-01 09:13:01,319] INFO in live_orders [/home/nitin/.atom/freakybananas/live_orders.py:147] - Just waiting!
[2018-08-01 09:13:02,321] INFO in live_orders [/home/nitin/.atom/freakybananas/live_orders.py:147] - Just waiting!
[2018-08-01 09:13:03,322] INFO in live_orders [/home/nitin/.atom/freakybananas/live_orders.py:147] - Just waiting!
[2018-08-01 09:13:04,323] INFO in live_orders [/home/nitin/.atom/freakybananas/live_orders.py:147] - Just waiting!
[2018-08-01 09:13:05,324] INFO in live_orders [/home/nitin/.atom/freakybananas/live_orders.py:147] - Just waiting!
[2018-08-01 09:13:06,326] INFO in live_orders [/home/nitin/.atom/freakybananas/live_orders.py:147] - Just waiting!
[2018-08-01 09:13:07,329] INFO in live_orders [/home/nitin/.atom/freakybananas/live_orders.py:147] - Just waiting!
[2018-08-01 09:13:08,331] INFO in live_orders [/home/nitin/.atom/freakybananas/live_orders.py:147] - Just waiting!
[2018-08-01 09:13:09,333] INFO in live_orders [/home/nitin/.atom/freakybananas/live_orders.py:147] - Just waiting!
[2018-08-01 09:13:10,335] INFO in live_orders [/home/nitin/.atom/freakybananas/live_orders.py:147] - Just waiting!
[2018-08-01 09:13:11,337] INFO in live_orders [/home/nitin/.atom/freakybananas/live_orders.py:147] - Just waiting!
[2018-08-01 09:13:12,340] INFO in live_orders [/home/nitin/.atom/freakybananas/live_orders.py:147] - Just waiting!
[2018-08-01 09:13:13,342] INFO in live_orders [/home/nitin/.atom/freakybananas/live_orders.py:147] - Just waiting!
[2018-08-01 09:13:14,344] INFO in live_orders [/home/nitin/.atom/freakybananas/live_orders.py:147] - Just waiting!
[2018-08-01 09:13:15,347] INFO in live_orders [/home/nitin/.atom/freakybananas/live_orders.py:147] - Just waiting!
[2018-08-01 09:13:16,350] INFO in live_orders [/home/nitin/.atom/freakybananas/live_orders.py:147] - Just waiting!
[2018-08-01 09:13:17,352] INFO in live_orders [/home/nitin/.atom/freakybananas/live_orders.py:147] - Just waiting!
[2018-08-01 09:13:18,354] INFO in live_orders [/home/nitin/.atom/freakybananas/live_orders.py:147] - Just waiting!
[2018-08-01 09:13:19,356] INFO in live_orders [/home/nitin/.atom/freakybananas/live_orders.py:147] - Just waiting!
[2018-08-01 09:13:20,359] INFO in live_orders [/home/nitin/.atom/freakybananas/live_orders.py:147] - Just waiting!
[2018-08-01 09:13:21,361] INFO in live_orders [/home/nitin/.atom/freakybananas/live_orders.py:147] - Just waiting!
[2018-08-01 09:13:22,363] INFO in live_orders [/home/nitin/.atom/freakybananas/live_orders.py:147] - Just waiting!
[2018-08-01 09:13:23,365] INFO in live_orders [/home/nitin/.atom/freakybananas/live_orders.py:147] - Just waiting!
[2018-08-01 09:13:24,368] INFO in live_orders [/home/nitin/.atom/freakybananas/live_orders.py:147] - Just waiting!
[2018-08-01 09:13:25,370] INFO in live_orders [/home/nitin/.atom/freakybananas/live_orders.py:147] - Just waiting!
[2018-08-01 09:13:26,373] INFO in live_orders [/home/nitin/.atom/freakybananas/live_orders.py:147] - Just waiting!
[2018-08-01 09:13:27,375] INFO in live_orders [/home/nitin/.atom/freakybananas/live_orders.py:147] - Just waiting!
[2018-08-01 09:13:28,378] INFO in live_orders [/home/nitin/.atom/freakybananas/live_orders.py:147] - Just waiting!
[2018-08-01 09:13:29,380] INFO in live_orders [/home/nitin/.atom/freakybananas/live_orders.py:147] - Just waiting!
[2018-08-01 09:13:30,383] INFO in live_orders [/home/nitin/.atom/freakybananas/live_orders.py:147] - Just waiting!
[2018-08-01 09:13:31,385] INFO in live_orders [/home/nitin/.atom/freakybananas/live_orders.py:147] - Just waiting!
[2018-08-01 09:13:32,386] INFO in live_orders [/home/nitin/.atom/freakybananas/live_orders.py:147] - Just waiting!
[2018-08-01 09:13:33,388] INFO in live_orders [/home/nitin/.atom/freakybananas/live_orders.py:147] - Just waiting!
[2018-08-01 09:13:34,390] INFO in live_orders [/home/nitin/.atom/freakybananas/live_orders.py:147] - Just waiting!
[2018-08-01 09:13:35,392] INFO in live_orders [/home/nitin/.atom/freakybananas/live_orders.py:147] - Just waiting!
[2018-08-01 09:13:36,394] INFO in live_orders [/home/nitin/.atom/freakybananas/live_orders.py:147] - Just waiting!
[2018-08-01 09:13:37,395] INFO in live_orders [/home/nitin/.atom/freakybananas/live_orders.py:147] - Just waiting!
[2018-08-01 09:13:38,398] INFO in live_orders [/home/nitin/.atom/freakybananas/live_orders.py:147] - Just waiting!
[2018-08-01 09:13:39,400] INFO in live_orders [/home/nitin/.atom/freakybananas/live_orders.py:147] - Just waiting!
[2018-08-01 09:13:40,403] INFO in live_orders [/home/nitin/.atom/freakybananas/live_orders.py:147] - Just waiting!
[2018-08-01 09:13:41,405] INFO in live_orders [/home/nitin/.atom/freakybananas/live_orders.py:147] - Just waiting!
[2018-08-01 09:13:42,407] INFO in live_orders [/home/nitin/.atom/freakybananas/live_orders.py:147] - Just waiting!
[2018-08-01 09:13:43,410] INFO in live_orders [/home/nitin/.atom/freakybananas/live_orders.py:147] - Just waiting!
[2018-08-01 09:13:44,412] INFO in live_orders [/home/nitin/.atom/freakybananas/live_orders.py:147] - Just waiting!
[2018-08-01 09:13:45,415] INFO in live_orders [/home/nitin/.atom/freakybananas/live_orders.py:147] - Just waiting!
[2018-08-01 09:13:46,416] INFO in live_orders [/home/nitin/.atom/freakybananas/live_orders.py:147] - Just waiting!
[2018-08-01 09:13:47,418] INFO in live_orders [/home/nitin/.atom/freakybananas/live_orders.py:147] - Just waiting!
[2018-08-01 09:13:48,420] INFO in live_orders [/home/nitin/.atom/freakybananas/live_orders.py:147] - Just waiting!
[2018-08-01 09:13:49,422] INFO in live_orders [/home/nitin/.atom/freakybananas/live_orders.py:147] - Just waiting!
[2018-08-01 09:13:50,424] INFO in live_orders [/home/nitin/.atom/freakybananas/live_orders.py:147] - Just waiting!
[2018-08-01 09:13:51,426] INFO in live_orders [/home/nitin/.atom/freakybananas/live_orders.py:147] - Just waiting!
[2018-08-01 09:13:52,429] INFO in live_orders [/home/nitin/.atom/freakybananas/live_orders.py:147] - Just waiting!
[2018-08-01 09:13:53,431] INFO in live_orders [/home/nitin/.atom/freakybananas/live_orders.py:147] - Just waiting!
[2018-08-01 09:13:54,433] INFO in live_orders [/home/nitin/.atom/freakybananas/live_orders.py:147] - Just waiting!
[2018-08-01 09:13:55,435] INFO in live_orders [/home/nitin/.atom/freakybananas/live_orders.py:147] - Just waiting!
[2018-08-01 09:13:56,439] INFO in live_orders [/home/nitin/.atom/freakybananas/live_orders.py:147] - Just waiting!
[2018-08-01 09:13:57,440] INFO in live_orders [/home/nitin/.atom/freakybananas/live_orders.py:147] - Just waiting!
[2018-08-01 09:13:58,443] INFO in live_orders [/home/nitin/.atom/freakybananas/live_orders.py:147] - Just waiting!
[2018-08-01 09:13:59,445] INFO in live_orders [/home/nitin/.atom/freakybananas/live_orders.py:147] - Just waiting!
[2018-08-01 09:14:00,449] INFO in live_orders [/home/nitin/.atom/freakybananas/live_orders.py:147] - Just waiting!
[2018-08-01 09:14:01,450] INFO in live_orders [/home/nitin/.atom/freakybananas/live_orders.py:147] - Just waiting!
[2018-08-01 09:14:02,451] INFO in live_orders [/home/nitin/.atom/freakybananas/live_orders.py:147] - Just waiting!
[2018-08-01 09:14:03,452] INFO in live_orders [/home/nitin/.atom/freakybananas/live_orders.py:147] - Just waiting!
[2018-08-01 09:14:04,454] INFO in live_orders [/home/nitin/.atom/freakybananas/live_orders.py:147] - Just waiting!
[2018-08-01 09:14:05,455] INFO in live_orders [/home/nitin/.atom/freakybananas/live_orders.py:147] - Just waiting!
[2018-08-01 09:14:06,457] INFO in live_orders [/home/nitin/.atom/freakybananas/live_orders.py:147] - Just waiting!
[2018-08-01 09:14:07,460] INFO in live_orders [/home/nitin/.atom/freakybananas/live_orders.py:147] - Just waiting!
[2018-08-01 09:14:08,462] INFO in live_orders [/home/nitin/.atom/freakybananas/live_orders.py:147] - Just waiting!
[2018-08-01 09:14:09,465] INFO in live_orders [/home/nitin/.atom/freakybananas/live_orders.py:147] - Just waiting!
[2018-08-01 09:14:10,468] INFO in live_orders [/home/nitin/.atom/freakybananas/live_orders.py:147] - Just waiting!
[2018-08-01 09:14:11,470] INFO in live_orders [/home/nitin/.atom/freakybananas/live_orders.py:147] - Just waiting!
[2018-08-01 09:14:12,472] INFO in live_orders [/home/nitin/.atom/freakybananas/live_orders.py:147] - Just waiting!
[2018-08-01 09:14:13,473] INFO in live_orders [/home/nitin/.atom/freakybananas/live_orders.py:147] - Just waiting!
[2018-08-01 09:14:14,474] INFO in live_orders [/home/nitin/.atom/freakybananas/live_orders.py:147] - Just waiting!
[2018-08-01 09:14:15,477] INFO in live_orders [/home/nitin/.atom/freakybananas/live_orders.py:147] - Just waiting!
[2018-08-01 09:14:16,478] INFO in live_orders [/home/nitin/.atom/freakybananas/live_orders.py:147] - Just waiting!
[2018-08-01 09:14:17,480] INFO in live_orders [/home/nitin/.atom/freakybananas/live_orders.py:147] - Just waiting!
[2018-08-01 09:14:18,482] INFO in live_orders [/home/nitin/.atom/freakybananas/live_orders.py:147] - Just waiting!
[2018-08-01 09:14:19,485] INFO in live_orders [/home/nitin/.atom/freakybananas/live_orders.py:147] - Just waiting!
[2018-08-01 09:14:20,487] INFO in live_orders [/home/nitin/.atom/freakybananas/live_orders.py:147] - Just waiting!
[2018-08-01 09:14:21,489] INFO in live_orders [/home/nitin/.atom/freakybananas/live_orders.py:147] - Just waiting!
[2018-08-01 09:14:22,490] INFO in live_orders [/home/nitin/.atom/freakybananas/live_orders.py:147] - Just waiting!
[2018-08-01 09:14:23,492] INFO in live_orders [/home/nitin/.atom/freakybananas/live_orders.py:147] - Just waiting!
[2018-08-01 09:14:24,494] INFO in live_orders [/home/nitin/.atom/freakybananas/live_orders.py:147] - Just waiting!
[2018-08-01 09:14:25,494] INFO in live_orders [/home/nitin/.atom/freakybananas/live_orders.py:147] - Just waiting!
[2018-08-01 09:14:26,496] INFO in live_orders [/home/nitin/.atom/freakybananas/live_orders.py:147] - Just waiting!
[2018-08-01 09:14:27,498] INFO in live_orders [/home/nitin/.atom/freakybananas/live_orders.py:147] - Just waiting!
[2018-08-01 09:14:28,500] INFO in live_orders [/home/nitin/.atom/freakybananas/live_orders.py:147] - Just waiting!
[2018-08-01 09:14:29,501] INFO in live_orders [/home/nitin/.atom/freakybananas/live_orders.py:147] - Just waiting!
[2018-08-01 09:14:30,503] INFO in live_orders [/home/nitin/.atom/freakybananas/live_orders.py:147] - Just waiting!
[2018-08-01 09:14:31,505] INFO in live_orders [/home/nitin/.atom/freakybananas/live_orders.py:147] - Just waiting!
[2018-08-01 09:14:32,506] INFO in live_orders [/home/nitin/.atom/freakybananas/live_orders.py:147] - Just waiting!
[2018-08-01 09:14:33,508] INFO in live_orders [/home/nitin/.atom/freakybananas/live_orders.py:147] - Just waiting!
[2018-08-01 09:14:34,510] INFO in live_orders [/home/nitin/.atom/freakybananas/live_orders.py:147] - Just waiting!
[2018-08-01 09:14:35,512] INFO in live_orders [/home/nitin/.atom/freakybananas/live_orders.py:147] - Just waiting!
[2018-08-01 09:14:36,514] INFO in live_orders [/home/nitin/.atom/freakybananas/live_orders.py:147] - Just waiting!
[2018-08-01 09:14:37,516] INFO in live_orders [/home/nitin/.atom/freakybananas/live_orders.py:147] - Just waiting!
[2018-08-01 09:14:38,519] INFO in live_orders [/home/nitin/.atom/freakybananas/live_orders.py:147] - Just waiting!
[2018-08-01 09:14:39,520] INFO in live_orders [/home/nitin/.atom/freakybananas/live_orders.py:147] - Just waiting!
[2018-08-01 09:14:40,522] INFO in live_orders [/home/nitin/.atom/freakybananas/live_orders.py:147] - Just waiting!
[2018-08-01 09:14:41,523] INFO in live_orders [/home/nitin/.atom/freakybananas/live_orders.py:147] - Just waiting!
[2018-08-01 09:14:42,525] INFO in live_orders [/home/nitin/.atom/freakybananas/live_orders.py:147] - Just waiting!
[2018-08-01 09:14:43,527] INFO in live_orders [/home/nitin/.atom/freakybananas/live_orders.py:147] - Just waiting!
[2018-08-01 09:14:44,529] INFO in live_orders [/home/nitin/.atom/freakybananas/live_orders.py:147] - Just waiting!
[2018-08-01 09:14:45,532] INFO in live_orders [/home/nitin/.atom/freakybananas/live_orders.py:147] - Just waiting!
[2018-08-01 09:14:46,534] INFO in live_orders [/home/nitin/.atom/freakybananas/live_orders.py:147] - Just waiting!
[2018-08-01 09:14:47,537] INFO in live_orders [/home/nitin/.atom/freakybananas/live_orders.py:147] - Just waiting!
[2018-08-01 09:14:48,539] INFO in live_orders [/home/nitin/.atom/freakybananas/live_orders.py:147] - Just waiting!
[2018-08-01 09:14:49,541] INFO in live_orders [/home/nitin/.atom/freakybananas/live_orders.py:147] - Just waiting!
[2018-08-01 09:14:50,544] INFO in live_orders [/home/nitin/.atom/freakybananas/live_orders.py:147] - Just waiting!
[2018-08-01 09:14:51,546] INFO in live_orders [/home/nitin/.atom/freakybananas/live_orders.py:147] - Just waiting!
[2018-08-01 09:14:52,549] INFO in live_orders [/home/nitin/.atom/freakybananas/live_orders.py:147] - Just waiting!
[2018-08-01 09:14:53,551] INFO in live_orders [/home/nitin/.atom/freakybananas/live_orders.py:147] - Just waiting!
[2018-08-01 09:14:54,553] INFO in live_orders [/home/nitin/.atom/freakybananas/live_orders.py:147] - Just waiting!
[2018-08-01 09:14:55,555] INFO in live_orders [/home/nitin/.atom/freakybananas/live_orders.py:147] - Just waiting!
[2018-08-01 09:14:56,558] INFO in live_orders [/home/nitin/.atom/freakybananas/live_orders.py:147] - Just waiting!
[2018-08-01 09:14:57,560] INFO in live_orders [/home/nitin/.atom/freakybananas/live_orders.py:147] - Just waiting!
[2018-08-01 09:14:58,562] INFO in live_orders [/home/nitin/.atom/freakybananas/live_orders.py:147] - Just waiting!
[2018-08-01 09:14:59,564] INFO in live_orders [/home/nitin/.atom/freakybananas/live_orders.py:147] - Just waiting!
[2018-08-01 09:15:00,566] INFO in live_orders [/home/nitin/.atom/freakybananas/live_orders.py:149] - Trying for the 1st time.
[2018-08-01 09:15:00,567] INFO in live_orders [/home/nitin/.atom/freakybananas/live_orders.py:152] - Failed filter: failure, stock: ('failure', None)
[2018-08-01 09:15:00,567] INFO in live_orders [/home/nitin/.atom/freakybananas/live_orders.py:152] - Failed filter: failure, stock: ('failure', None)
[2018-08-01 09:15:00,568] INFO in live_orders [/home/nitin/.atom/freakybananas/live_orders.py:152] - Failed filter: failure, stock: ('failure', None)
[2018-08-01 09:15:00,569] INFO in live_orders [/home/nitin/.atom/freakybananas/live_orders.py:152] - Failed filter: failure, stock: ('failure', None)
[2018-08-01 09:15:00,571] INFO in live_orders [/home/nitin/.atom/freakybananas/live_orders.py:152] - Failed filter: failure, stock: ('failure', None)
[2018-08-01 09:15:01,259] INFO in zerodha [/home/nitin/.atom/freakybananas/zerodha.py:72] - Getting quote. {u'3834113': {u'oi': 0, u'timestamp': datetime.datetime(2018, 8, 1, 9, 12, 47), u'average_price': 183, u'last_price': 183, u'oi_day_low': 0, u'ohlc': {u'high': 183, u'close': 182.3, u'open': 183, u'low': 183}, u'oi_day_high': 0, u'volume': 31910, u'depth': {u'sell': [{u'price': 183.1, u'orders': 1, u'quantity': 22}, {u'price': 183.4, u'orders': 3, u'quantity': 10}, {u'price': 183.5, u'orders': 2, u'quantity': 1200}, {u'price': 183.55, u'orders': 1, u'quantity': 5}, {u'price': 183.65, u'orders': 1, u'quantity': 5725}], u'buy': [{u'price': 183, u'orders': 3, u'quantity': 220}, {u'price': 182.85, u'orders': 1, u'quantity': 180}, {u'price': 182.7, u'orders': 1, u'quantity': 100}, {u'price': 182.65, u'orders': 1, u'quantity': 300}, {u'price': 182.6, u'orders': 3, u'quantity': 610}]}, u'instrument_token': 3834113, u'last_trade_time': datetime.datetime(2018, 8, 1, 9, 12, 47), u'sell_quantity': 77662, u'buy_quantity': 114439, u'last_quantity': 100, u'net_change': 0.6999999999999886}}
[2018-08-01 09:15:01,259] INFO in live_orders [/home/nitin/.atom/freakybananas/live_orders.py:172] - Stock: {'prev_close': 182.5, 'open': 183, 'type': 'gainer', 'stock': POWERGRID-3834113-NSE}, Price: 183.1, Target: 1.1, Stop loss: 1.83
[2018-08-01 09:15:02,073] INFO in zerodha [/home/nitin/.atom/freakybananas/zerodha.py:72] - Order Place: 180801000036481
[2018-08-01 09:15:02,073] INFO in live_orders [/home/nitin/.atom/freakybananas/live_orders.py:189] - Order id: 180801000036481, Stock: {'prev_close': 182.5, 'open': 183, 'type': 'gainer', 'stock': POWERGRID-3834113-NSE}
[2018-08-01 09:15:02,074] INFO in live_orders [/home/nitin/.atom/freakybananas/live_orders.py:152] - Failed filter: failure, stock: ('failure', None)
[2018-08-01 09:15:02,714] INFO in zerodha [/home/nitin/.atom/freakybananas/zerodha.py:72] - Getting quote. {u'1207553': {u'oi': 0, u'timestamp': datetime.datetime(2018, 8, 1, 9, 15, 2), u'average_price': 376.87, u'last_price': 376.65, u'oi_day_low': 0, u'ohlc': {u'high': 377, u'close': 375.15, u'open': 377, u'low': 376}, u'oi_day_high': 0, u'volume': 1363, u'depth': {u'sell': [{u'price': 376.7, u'orders': 1, u'quantity': 283}, {u'price': 376.75, u'orders': 1, u'quantity': 280}, {u'price': 376.85, u'orders': 1, u'quantity': 283}, {u'price': 376.9, u'orders': 1, u'quantity': 400}, {u'price': 377, u'orders': 5, u'quantity': 120}], u'buy': [{u'price': 376.05, u'orders': 1, u'quantity': 170}, {u'price': 376, u'orders': 4, u'quantity': 114}, {u'price': 375.6, u'orders': 2, u'quantity': 50}, {u'price': 375.5, u'orders': 1, u'quantity': 4}, {u'price': 375.3, u'orders': 2, u'quantity': 101}]}, u'instrument_token': 1207553, u'last_trade_time': datetime.datetime(2018, 8, 1, 9, 15, 2), u'sell_quantity': 46396, u'buy_quantity': 18896, u'last_quantity': 24, u'net_change': 1.5}}
[2018-08-01 09:15:02,715] INFO in live_orders [/home/nitin/.atom/freakybananas/live_orders.py:172] - Stock: {'prev_close': 375.5, 'open': 377, 'type': 'gainer', 'stock': GAIL-1207553-NSE}, Price: 376.7, Target: 2.26, Stop loss: 3.77
[2018-08-01 09:15:03,301] INFO in zerodha [/home/nitin/.atom/freakybananas/zerodha.py:72] - Order Place: 180801000037320
[2018-08-01 09:15:03,301] INFO in live_orders [/home/nitin/.atom/freakybananas/live_orders.py:189] - Order id: 180801000037320, Stock: {'prev_close': 375.5, 'open': 377, 'type': 'gainer', 'stock': GAIL-1207553-NSE}
[2018-08-01 09:15:03,302] INFO in live_orders [/home/nitin/.atom/freakybananas/live_orders.py:152] - Failed filter: failure, stock: ('failure', None)
[2018-08-01 09:15:03,302] INFO in live_orders [/home/nitin/.atom/freakybananas/live_orders.py:152] - Failed filter: failure, stock: ('failure', None)
[2018-08-01 09:15:03,814] INFO in zerodha [/home/nitin/.atom/freakybananas/zerodha.py:72] - Getting quote. {u'779521': {u'oi': 0, u'timestamp': datetime.datetime(2018, 8, 1, 9, 15, 3), u'average_price': 294.49, u'last_price': 294.5, u'oi_day_low': 0, u'ohlc': {u'high': 294.5, u'close': 293.5, u'open': 294.5, u'low': 294.1}, u'oi_day_high': 0, u'volume': 27203, u'depth': {u'sell': [{u'price': 294.4, u'orders': 1, u'quantity': 325}, {u'price': 294.45, u'orders': 2, u'quantity': 1495}, {u'price': 294.5, u'orders': 30, u'quantity': 9597}, {u'price': 294.8, u'orders': 2, u'quantity': 203}, {u'price': 294.85, u'orders': 2, u'quantity': 3137}], u'buy': [{u'price': 294.2, u'orders': 2, u'quantity': 601}, {u'price': 294.15, u'orders': 1, u'quantity': 1718}, {u'price': 294.1, u'orders': 4, u'quantity': 162}, {u'price': 294.05, u'orders': 1, u'quantity': 90}, {u'price': 294, u'orders': 19, u'quantity': 1095}]}, u'instrument_token': 779521, u'last_trade_time': datetime.datetime(2018, 8, 1, 9, 15, 3), u'sell_quantity': 322232, u'buy_quantity': 141039, u'last_quantity': 71, u'net_change': 1}}
[2018-08-01 09:15:03,815] INFO in live_orders [/home/nitin/.atom/freakybananas/live_orders.py:172] - Stock: {'prev_close': 293.7, 'open': 294.5, 'type': 'gainer', 'stock': SBIN-779521-NSE}, Price: 294.4, Target: 1.77, Stop loss: 2.94
[2018-08-01 09:15:04,329] INFO in zerodha [/home/nitin/.atom/freakybananas/zerodha.py:72] - Order Place: 180801000037989
[2018-08-01 09:15:04,329] INFO in live_orders [/home/nitin/.atom/freakybananas/live_orders.py:189] - Order id: 180801000037989, Stock: {'prev_close': 293.7, 'open': 294.5, 'type': 'gainer', 'stock': SBIN-779521-NSE}
[2018-08-01 09:15:04,826] INFO in zerodha [/home/nitin/.atom/freakybananas/zerodha.py:72] - Getting quote. {u'3861249': {u'oi': 0, u'timestamp': datetime.datetime(2018, 8, 1, 9, 15, 3), u'average_price': 402.93, u'last_price': 402.45, u'oi_day_low': 0, u'ohlc': {u'high': 402.95, u'close': 399.75, u'open': 402.95, u'low': 402.1}, u'oi_day_high': 0, u'volume': 10941, u'depth': {u'sell': [{u'price': 402.5, u'orders': 2, u'quantity': 408}, {u'price': 402.85, u'orders': 1, u'quantity': 269}, {u'price': 402.9, u'orders': 1, u'quantity': 250}, {u'price': 402.95, u'orders': 10, u'quantity': 487}, {u'price': 403, u'orders': 18, u'quantity': 3134}], u'buy': [{u'price': 402.1, u'orders': 1, u'quantity': 89}, {u'price': 402.05, u'orders': 5, u'quantity': 701}, {u'price': 402, u'orders': 8, u'quantity': 702}, {u'price': 401.6, u'orders': 1, u'quantity': 50}, {u'price': 401.25, u'orders': 1, u'quantity': 100}]}, u'instrument_token': 3861249, u'last_trade_time': datetime.datetime(2018, 8, 1, 9, 15, 3), u'sell_quantity': 37326, u'buy_quantity': 22598, u'last_quantity': 102, u'net_change': 2.6999999999999886}}
[2018-08-01 09:15:04,827] INFO in live_orders [/home/nitin/.atom/freakybananas/live_orders.py:172] - Stock: {'prev_close': 401, 'open': 402.95, 'type': 'gainer', 'stock': ADANIPORTS-3861249-NSE}, Price: 402.5, Target: 2.42, Stop loss: 4.03
[2018-08-01 09:15:05,350] INFO in zerodha [/home/nitin/.atom/freakybananas/zerodha.py:72] - Order Place: 180801000038551
[2018-08-01 09:15:05,350] INFO in live_orders [/home/nitin/.atom/freakybananas/live_orders.py:189] - Order id: 180801000038551, Stock: {'prev_close': 401, 'open': 402.95, 'type': 'gainer', 'stock': ADANIPORTS-3861249-NSE}
[2018-08-01 09:15:05,351] INFO in live_orders [/home/nitin/.atom/freakybananas/live_orders.py:152] - Failed filter: failure, stock: ('failure', None)
[2018-08-01 09:15:05,782] INFO in zerodha [/home/nitin/.atom/freakybananas/zerodha.py:72] - Getting quote. {u'897537': {u'oi': 0, u'timestamp': datetime.datetime(2018, 8, 1, 9, 15, 5), u'average_price': 913.56, u'last_price': 913.55, u'oi_day_low': 0, u'ohlc': {u'high': 915, u'close': 912.35, u'open': 915, u'low': 909.1}, u'oi_day_high': 0, u'volume': 12253, u'depth': {u'sell': [{u'price': 915, u'orders': 8, u'quantity': 1805}, {u'price': 915.15, u'orders': 1, u'quantity': 50}, {u'price': 915.2, u'orders': 1, u'quantity': 750}, {u'price': 915.55, u'orders': 1, u'quantity': 45}, {u'price': 915.75, u'orders': 1, u'quantity': 3}], u'buy': [{u'price': 914.95, u'orders': 1, u'quantity': 46}, {u'price': 913.55, u'orders': 1, u'quantity': 196}, {u'price': 913.5, u'orders': 1, u'quantity': 158}, {u'price': 911.8, u'orders': 1, u'quantity': 45}, {u'price': 910.7, u'orders': 1, u'quantity': 11}]}, u'instrument_token': 897537, u'last_trade_time': datetime.datetime(2018, 8, 1, 9, 15, 5), u'sell_quantity': 46394, u'buy_quantity': 22729, u'last_quantity': 110, u'net_change': 1.1999999999999318}}
[2018-08-01 09:15:05,783] INFO in live_orders [/home/nitin/.atom/freakybananas/live_orders.py:172] - Stock: {'prev_close': 912.35, 'open': 915, 'type': 'gainer', 'stock': TITAN-897537-NSE}, Price: 915.0, Target: 5.49, Stop loss: 9.15
[2018-08-01 09:15:06,273] INFO in zerodha [/home/nitin/.atom/freakybananas/zerodha.py:72] - Order Place: 180801000039114
[2018-08-01 09:15:06,274] INFO in live_orders [/home/nitin/.atom/freakybananas/live_orders.py:189] - Order id: 180801000039114, Stock: {'prev_close': 912.35, 'open': 915, 'type': 'gainer', 'stock': TITAN-897537-NSE}
[2018-08-01 09:15:07,474] INFO in zerodha [/home/nitin/.atom/freakybananas/zerodha.py:72] - Getting quote. {u'2953217': {u'oi': 0, u'timestamp': datetime.datetime(2018, 8, 1, 9, 15, 7), u'average_price': 1950.07, u'last_price': 1950.4, u'oi_day_low': 0, u'ohlc': {u'high': 1951.95, u'close': 1940.2, u'open': 1949.95, u'low': 1949.8}, u'oi_day_high': 0, u'volume': 4698, u'depth': {u'sell': [{u'price': 1950.4, u'orders': 2, u'quantity': 373}, {u'price': 1951.95, u'orders': 1, u'quantity': 16}, {u'price': 1952, u'orders': 2, u'quantity': 15}, {u'price': 1952.2, u'orders': 2, u'quantity': 31}, {u'price': 1952.45, u'orders': 2, u'quantity': 521}], u'buy': [{u'price': 1950, u'orders': 6, u'quantity': 601}, {u'price': 1949.95, u'orders': 4, u'quantity': 101}, {u'price': 1949.9, u'orders': 5, u'quantity': 61}, {u'price': 1949.75, u'orders': 3, u'quantity': 19}, {u'price': 1949.5, u'orders': 2, u'quantity': 5}]}, u'instrument_token': 2953217, u'last_trade_time': datetime.datetime(2018, 8, 1, 9, 15, 7), u'sell_quantity': 53617, u'buy_quantity': 68144, u'last_quantity': 25, u'net_change': 10.200000000000045}}
[2018-08-01 09:15:07,475] INFO in live_orders [/home/nitin/.atom/freakybananas/live_orders.py:172] - Stock: {'prev_close': 1944.1, 'open': 1949.95, 'type': 'gainer', 'stock': TCS-2953217-NSE}, Price: 1950.4, Target: 11.7, Stop loss: 19.5
[2018-08-01 09:15:08,324] INFO in zerodha [/home/nitin/.atom/freakybananas/zerodha.py:72] - Order Place: 180801000039930
[2018-08-01 09:15:08,325] INFO in live_orders [/home/nitin/.atom/freakybananas/live_orders.py:189] - Order id: 180801000039930, Stock: {'prev_close': 1944.1, 'open': 1949.95, 'type': 'gainer', 'stock': TCS-2953217-NSE}
[2018-08-01 09:15:08,326] INFO in live_orders [/home/nitin/.atom/freakybananas/live_orders.py:152] - Failed filter: failure, stock: ('failure', None)
[2018-08-01 09:15:08,737] INFO in zerodha [/home/nitin/.atom/freakybananas/zerodha.py:72] - Getting quote. {u'738561': {u'oi': 0, u'timestamp': datetime.datetime(2018, 8, 1, 9, 15, 8), u'average_price': 1191.89, u'last_price': 1194, u'oi_day_low': 0, u'ohlc': {u'high': 1194.5, u'close': 1186, u'open': 1190.4, u'low': 1190}, u'oi_day_high': 0, u'volume': 217120, u'depth': {u'sell': [{u'price': 1194.1, u'orders': 1, u'quantity': 1000}, {u'price': 1194.4, u'orders': 1, u'quantity': 857}, {u'price': 1194.5, u'orders': 2, u'quantity': 1098}, {u'price': 1194.6, u'orders': 1, u'quantity': 1000}, {u'price': 1194.7, u'orders': 1, u'quantity': 1000}], u'buy': [{u'price': 1194, u'orders': 1, u'quantity': 1380}, {u'price': 1193.75, u'orders': 1, u'quantity': 9}, {u'price': 1193.45, u'orders': 2, u'quantity': 114}, {u'price': 1193.4, u'orders': 2, u'quantity': 185}, {u'price': 1193.3, u'orders': 1, u'quantity': 3394}]}, u'instrument_token': 738561, u'last_trade_time': datetime.datetime(2018, 8, 1, 9, 15, 8), u'sell_quantity': 156109, u'buy_quantity': 538879, u'last_quantity': 20, u'net_change': 8}}
[2018-08-01 09:15:08,738] INFO in live_orders [/home/nitin/.atom/freakybananas/live_orders.py:172] - Stock: {'prev_close': 1184.15, 'open': 1190.4, 'type': 'gainer', 'stock': RELIANCE-738561-NSE}, Price: 1194.1, Target: 7.16, Stop loss: 11.94
[2018-08-01 09:15:09,158] INFO in zerodha [/home/nitin/.atom/freakybananas/zerodha.py:72] - Order Place: 180801000040346
[2018-08-01 09:15:09,159] INFO in live_orders [/home/nitin/.atom/freakybananas/live_orders.py:189] - Order id: 180801000040346, Stock: {'prev_close': 1184.15, 'open': 1190.4, 'type': 'gainer', 'stock': RELIANCE-738561-NSE}
[2018-08-01 09:15:09,160] INFO in live_orders [/home/nitin/.atom/freakybananas/live_orders.py:152] - Failed filter: failure, stock: ('failure', None)
[2018-08-01 09:15:09,858] INFO in zerodha [/home/nitin/.atom/freakybananas/zerodha.py:72] - Getting quote. {u'1510401': {u'oi': 0, u'timestamp': datetime.datetime(2018, 8, 1, 9, 15, 8), u'average_price': 550.45, u'last_price': 550.35, u'oi_day_low': 0, u'ohlc': {u'high': 550.5, u'close': 550.4, u'open': 550.5, u'low': 550}, u'oi_day_high': 0, u'volume': 28740, u'depth': {u'sell': [{u'price': 550.4, u'orders': 1, u'quantity': 195}, {u'price': 550.5, u'orders': 8, u'quantity': 867}, {u'price': 550.8, u'orders': 3, u'quantity': 239}, {u'price': 550.9, u'orders': 1, u'quantity': 50}, {u'price': 551, u'orders': 3, u'quantity': 201}], u'buy': [{u'price': 550.35, u'orders': 2, u'quantity': 138}, {u'price': 550.25, u'orders': 3, u'quantity': 121}, {u'price': 550.2, u'orders': 4, u'quantity': 187}, {u'price': 550.15, u'orders': 2, u'quantity': 5}, {u'price': 550.05, u'orders': 1, u'quantity': 50}]}, u'instrument_token': 1510401, u'last_trade_time': datetime.datetime(2018, 8, 1, 9, 15, 8), u'sell_quantity': 221937, u'buy_quantity': 140562, u'last_quantity': 231, u'net_change': -0.049999999999954525}}
[2018-08-01 09:15:09,859] INFO in live_orders [/home/nitin/.atom/freakybananas/live_orders.py:172] - Stock: {'prev_close': 549.35, 'open': 550.5, 'type': 'gainer', 'stock': AXISBANK-1510401-NSE}, Price: 550.4, Target: 3.3, Stop loss: 5.5
[2018-08-01 09:15:10,372] INFO in zerodha [/home/nitin/.atom/freakybananas/zerodha.py:72] - Order Place: 180801000040863
[2018-08-01 09:15:10,373] INFO in live_orders [/home/nitin/.atom/freakybananas/live_orders.py:189] - Order id: 180801000040863, Stock: {'prev_close': 549.35, 'open': 550.5, 'type': 'gainer', 'stock': AXISBANK-1510401-NSE}
[2018-08-01 09:15:10,374] INFO in live_orders [/home/nitin/.atom/freakybananas/live_orders.py:152] - Failed filter: failure, stock: ('failure', None)
[2018-08-01 09:15:10,375] INFO in live_orders [/home/nitin/.atom/freakybananas/live_orders.py:152] - Failed filter: failure, stock: ('failure', None)
[2018-08-01 09:15:11,019] INFO in zerodha [/home/nitin/.atom/freakybananas/zerodha.py:72] - Getting quote. {u'4267265': {u'oi': 0, u'timestamp': datetime.datetime(2018, 8, 1, 9, 15, 10), u'average_price': 2719.87, u'last_price': 2722.4, u'oi_day_low': 0, u'ohlc': {u'high': 2722.45, u'close': 2700.05, u'open': 2717, u'low': 2717}, u'oi_day_high': 0, u'volume': 4345, u'depth': {u'sell': [{u'price': 2722.45, u'orders': 1, u'quantity': 24}, {u'price': 2722.6, u'orders': 1, u'quantity': 11}, {u'price': 2722.85, u'orders': 1, u'quantity': 101}, {u'price': 2723, u'orders': 2, u'quantity': 251}, {u'price': 2723.1, u'orders': 1, u'quantity': 250}], u'buy': [{u'price': 2722.4, u'orders': 1, u'quantity': 1}, {u'price': 2722.35, u'orders': 2, u'quantity': 12}, {u'price': 2722.3, u'orders': 2, u'quantity': 2}, {u'price': 2722.2, u'orders': 1, u'quantity': 1}, {u'price': 2721.45, u'orders': 1, u'quantity': 1}]}, u'instrument_token': 4267265, u'last_trade_time': datetime.datetime(2018, 8, 1, 9, 15, 10), u'sell_quantity': 27961, u'buy_quantity': 26047, u'last_quantity': 1, u'net_change': 22.34999999999991}}
[2018-08-01 09:15:11,020] INFO in live_orders [/home/nitin/.atom/freakybananas/live_orders.py:172] - Stock: {'prev_close': 2705.35, 'open': 2717, 'type': 'gainer', 'stock': BAJAJ-AUTO-4267265-NSE}, Price: 2722.45, Target: 16.33, Stop loss: 27.22
[2018-08-01 09:15:11,021] INFO in live_orders [/home/nitin/.atom/freakybananas/live_orders.py:179] - Ending trade.!
[2018-08-01 09:15:11,021] INFO in live_orders [/home/nitin/.atom/freakybananas/live_orders.py:194] - Ending run.
